{"/home/kcavagnolo/personal/statecraft.ai/maps/html/js/app.js": {"path":"/home/kcavagnolo/personal/statecraft.ai/maps/html/js/app.js","statementMap":{"0":{"start":{"line":28,"column":8},"end":{"line":28,"column":40}},"1":{"start":{"line":29,"column":8},"end":{"line":29,"column":37}},"2":{"start":{"line":30,"column":8},"end":{"line":30,"column":66}},"3":{"start":{"line":33,"column":8},"end":{"line":39,"column":10}},"4":{"start":{"line":42,"column":8},"end":{"line":42,"column":33}},"5":{"start":{"line":43,"column":8},"end":{"line":43,"column":39}},"6":{"start":{"line":46,"column":8},"end":{"line":46,"column":43}},"7":{"start":{"line":47,"column":8},"end":{"line":47,"column":28}},"8":{"start":{"line":49,"column":8},"end":{"line":49,"column":63}},"9":{"start":{"line":56,"column":8},"end":{"line":101,"column":9}},"10":{"start":{"line":57,"column":12},"end":{"line":57,"column":82}},"11":{"start":{"line":58,"column":12},"end":{"line":58,"column":78}},"12":{"start":{"line":61,"column":12},"end":{"line":61,"column":31}},"13":{"start":{"line":64,"column":12},"end":{"line":64,"column":40}},"14":{"start":{"line":67,"column":12},"end":{"line":67,"column":38}},"15":{"start":{"line":70,"column":12},"end":{"line":70,"column":39}},"16":{"start":{"line":79,"column":12},"end":{"line":79,"column":43}},"17":{"start":{"line":82,"column":12},"end":{"line":82,"column":36}},"18":{"start":{"line":85,"column":12},"end":{"line":85,"column":31}},"19":{"start":{"line":88,"column":30},"end":{"line":88,"column":64}},"20":{"start":{"line":89,"column":12},"end":{"line":89,"column":96}},"21":{"start":{"line":92,"column":12},"end":{"line":96,"column":15}},"22":{"start":{"line":99,"column":12},"end":{"line":99,"column":73}},"23":{"start":{"line":100,"column":12},"end":{"line":100,"column":50}},"24":{"start":{"line":108,"column":26},"end":{"line":108,"column":43}},"25":{"start":{"line":110,"column":8},"end":{"line":110,"column":61}},"26":{"start":{"line":114,"column":8},"end":{"line":123,"column":9}},"27":{"start":{"line":115,"column":12},"end":{"line":115,"column":43}},"28":{"start":{"line":116,"column":12},"end":{"line":121,"column":14}},"29":{"start":{"line":122,"column":12},"end":{"line":122,"column":86}},"30":{"start":{"line":125,"column":8},"end":{"line":125,"column":60}},"31":{"start":{"line":126,"column":8},"end":{"line":126,"column":94}},"32":{"start":{"line":133,"column":26},"end":{"line":133,"column":43}},"33":{"start":{"line":135,"column":8},"end":{"line":135,"column":55}},"34":{"start":{"line":138,"column":8},"end":{"line":140,"column":11}},"35":{"start":{"line":139,"column":12},"end":{"line":139,"column":44}},"36":{"start":{"line":142,"column":8},"end":{"line":144,"column":11}},"37":{"start":{"line":143,"column":12},"end":{"line":143,"column":40}},"38":{"start":{"line":147,"column":8},"end":{"line":150,"column":11}},"39":{"start":{"line":148,"column":12},"end":{"line":148,"column":49}},"40":{"start":{"line":153,"column":8},"end":{"line":156,"column":11}},"41":{"start":{"line":154,"column":12},"end":{"line":154,"column":51}},"42":{"start":{"line":155,"column":12},"end":{"line":155,"column":41}},"43":{"start":{"line":159,"column":8},"end":{"line":162,"column":11}},"44":{"start":{"line":160,"column":12},"end":{"line":160,"column":58}},"45":{"start":{"line":165,"column":8},"end":{"line":167,"column":11}},"46":{"start":{"line":166,"column":12},"end":{"line":166,"column":27}},"47":{"start":{"line":169,"column":8},"end":{"line":180,"column":11}},"48":{"start":{"line":171,"column":12},"end":{"line":179,"column":13}},"49":{"start":{"line":172,"column":16},"end":{"line":172,"column":53}},"50":{"start":{"line":173,"column":16},"end":{"line":178,"column":19}},"51":{"start":{"line":182,"column":8},"end":{"line":182,"column":62}},"52":{"start":{"line":183,"column":8},"end":{"line":183,"column":88}},"53":{"start":{"line":190,"column":26},"end":{"line":190,"column":43}},"54":{"start":{"line":192,"column":8},"end":{"line":192,"column":47}},"55":{"start":{"line":194,"column":8},"end":{"line":216,"column":9}},"56":{"start":{"line":195,"column":31},"end":{"line":195,"column":68}},"57":{"start":{"line":196,"column":12},"end":{"line":198,"column":13}},"58":{"start":{"line":197,"column":16},"end":{"line":197,"column":59}},"59":{"start":{"line":201,"column":30},"end":{"line":206,"column":13}},"60":{"start":{"line":208,"column":12},"end":{"line":208,"column":71}},"61":{"start":{"line":210,"column":12},"end":{"line":210,"column":63}},"62":{"start":{"line":211,"column":12},"end":{"line":211,"column":83}},"63":{"start":{"line":214,"column":12},"end":{"line":214,"column":65}},"64":{"start":{"line":215,"column":12},"end":{"line":215,"column":75}},"65":{"start":{"line":223,"column":8},"end":{"line":223,"column":56}},"66":{"start":{"line":229,"column":8},"end":{"line":232,"column":40}},"67":{"start":{"line":239,"column":8},"end":{"line":239,"column":57}},"68":{"start":{"line":241,"column":8},"end":{"line":278,"column":9}},"69":{"start":{"line":243,"column":30},"end":{"line":243,"column":73}},"70":{"start":{"line":244,"column":33},"end":{"line":244,"column":35}},"71":{"start":{"line":247,"column":12},"end":{"line":249,"column":13}},"72":{"start":{"line":248,"column":16},"end":{"line":248,"column":71}},"73":{"start":{"line":251,"column":12},"end":{"line":253,"column":13}},"74":{"start":{"line":252,"column":16},"end":{"line":252,"column":67}},"75":{"start":{"line":255,"column":12},"end":{"line":266,"column":13}},"76":{"start":{"line":256,"column":28},"end":{"line":256,"column":60}},"77":{"start":{"line":257,"column":28},"end":{"line":257,"column":60}},"78":{"start":{"line":258,"column":29},"end":{"line":258,"column":62}},"79":{"start":{"line":260,"column":16},"end":{"line":265,"column":17}},"80":{"start":{"line":262,"column":20},"end":{"line":264,"column":28}},"81":{"start":{"line":263,"column":24},"end":{"line":263,"column":66}},"82":{"start":{"line":269,"column":12},"end":{"line":272,"column":13}},"83":{"start":{"line":270,"column":16},"end":{"line":270,"column":77}},"84":{"start":{"line":271,"column":16},"end":{"line":271,"column":73}},"85":{"start":{"line":277,"column":12},"end":{"line":277,"column":75}},"86":{"start":{"line":285,"column":31},"end":{"line":285,"column":72}},"87":{"start":{"line":286,"column":8},"end":{"line":292,"column":9}},"88":{"start":{"line":287,"column":12},"end":{"line":287,"column":51}},"89":{"start":{"line":288,"column":35},"end":{"line":288,"column":69}},"90":{"start":{"line":289,"column":12},"end":{"line":291,"column":13}},"91":{"start":{"line":290,"column":16},"end":{"line":290,"column":53}},"92":{"start":{"line":299,"column":31},"end":{"line":299,"column":72}},"93":{"start":{"line":300,"column":8},"end":{"line":302,"column":9}},"94":{"start":{"line":301,"column":12},"end":{"line":301,"column":50}},"95":{"start":{"line":309,"column":8},"end":{"line":309,"column":55}},"96":{"start":{"line":312,"column":8},"end":{"line":312,"column":48}},"97":{"start":{"line":315,"column":8},"end":{"line":315,"column":27}},"98":{"start":{"line":324,"column":8},"end":{"line":324,"column":49}},"99":{"start":{"line":332,"column":8},"end":{"line":332,"column":57}},"100":{"start":{"line":335,"column":8},"end":{"line":335,"column":77}},"101":{"start":{"line":338,"column":8},"end":{"line":338,"column":27}},"102":{"start":{"line":341,"column":8},"end":{"line":344,"column":11}},"103":{"start":{"line":353,"column":29},"end":{"line":353,"column":75}},"104":{"start":{"line":354,"column":8},"end":{"line":360,"column":9}},"105":{"start":{"line":355,"column":12},"end":{"line":355,"column":47}},"106":{"start":{"line":356,"column":12},"end":{"line":356,"column":49}},"107":{"start":{"line":359,"column":12},"end":{"line":359,"column":39}},"108":{"start":{"line":367,"column":8},"end":{"line":376,"column":10}},"109":{"start":{"line":375,"column":67},"end":{"line":375,"column":96}},"110":{"start":{"line":383,"column":8},"end":{"line":383,"column":63}},"111":{"start":{"line":385,"column":8},"end":{"line":405,"column":9}},"112":{"start":{"line":387,"column":12},"end":{"line":389,"column":13}},"113":{"start":{"line":388,"column":16},"end":{"line":388,"column":42}},"114":{"start":{"line":392,"column":12},"end":{"line":394,"column":13}},"115":{"start":{"line":393,"column":16},"end":{"line":393,"column":36}},"116":{"start":{"line":397,"column":12},"end":{"line":399,"column":13}},"117":{"start":{"line":398,"column":16},"end":{"line":398,"column":47}},"118":{"start":{"line":401,"column":12},"end":{"line":401,"column":59}},"119":{"start":{"line":404,"column":12},"end":{"line":404,"column":60}},"120":{"start":{"line":413,"column":4},"end":{"line":448,"column":5}},"121":{"start":{"line":415,"column":20},"end":{"line":415,"column":40}},"122":{"start":{"line":416,"column":8},"end":{"line":416,"column":25}},"123":{"start":{"line":419,"column":8},"end":{"line":419,"column":36}},"124":{"start":{"line":421,"column":8},"end":{"line":421,"column":77}},"125":{"start":{"line":422,"column":8},"end":{"line":422,"column":72}},"126":{"start":{"line":424,"column":8},"end":{"line":424,"column":19}},"127":{"start":{"line":427,"column":8},"end":{"line":427,"column":82}},"128":{"start":{"line":430,"column":26},"end":{"line":443,"column":9}},"129":{"start":{"line":445,"column":8},"end":{"line":445,"column":65}},"130":{"start":{"line":447,"column":8},"end":{"line":447,"column":20}},"131":{"start":{"line":452,"column":0},"end":{"line":457,"column":1}},"132":{"start":{"line":453,"column":4},"end":{"line":453,"column":73}},"133":{"start":{"line":456,"column":4},"end":{"line":456,"column":28}}},"fnMap":{"0":{"name":"(anonymous_0)","decl":{"start":{"line":26,"column":4},"end":{"line":26,"column":5}},"loc":{"start":{"line":26,"column":18},"end":{"line":50,"column":5}},"line":26},"1":{"name":"(anonymous_1)","decl":{"start":{"line":55,"column":4},"end":{"line":55,"column":5}},"loc":{"start":{"line":55,"column":17},"end":{"line":102,"column":5}},"line":55},"2":{"name":"(anonymous_2)","decl":{"start":{"line":107,"column":4},"end":{"line":107,"column":5}},"loc":{"start":{"line":107,"column":27},"end":{"line":127,"column":5}},"line":107},"3":{"name":"(anonymous_3)","decl":{"start":{"line":132,"column":4},"end":{"line":132,"column":5}},"loc":{"start":{"line":132,"column":25},"end":{"line":184,"column":5}},"line":132},"4":{"name":"(anonymous_4)","decl":{"start":{"line":138,"column":50},"end":{"line":138,"column":51}},"loc":{"start":{"line":138,"column":61},"end":{"line":140,"column":9}},"line":138},"5":{"name":"(anonymous_5)","decl":{"start":{"line":142,"column":49},"end":{"line":142,"column":50}},"loc":{"start":{"line":142,"column":62},"end":{"line":144,"column":9}},"line":142},"6":{"name":"(anonymous_6)","decl":{"start":{"line":147,"column":47},"end":{"line":147,"column":48}},"loc":{"start":{"line":147,"column":57},"end":{"line":150,"column":9}},"line":147},"7":{"name":"(anonymous_7)","decl":{"start":{"line":153,"column":45},"end":{"line":153,"column":46}},"loc":{"start":{"line":153,"column":58},"end":{"line":156,"column":9}},"line":153},"8":{"name":"(anonymous_8)","decl":{"start":{"line":159,"column":53},"end":{"line":159,"column":54}},"loc":{"start":{"line":159,"column":68},"end":{"line":162,"column":9}},"line":159},"9":{"name":"(anonymous_9)","decl":{"start":{"line":165,"column":48},"end":{"line":165,"column":49}},"loc":{"start":{"line":165,"column":54},"end":{"line":167,"column":9}},"line":165},"10":{"name":"(anonymous_10)","decl":{"start":{"line":169,"column":41},"end":{"line":169,"column":42}},"loc":{"start":{"line":169,"column":48},"end":{"line":180,"column":9}},"line":169},"11":{"name":"(anonymous_11)","decl":{"start":{"line":189,"column":4},"end":{"line":189,"column":5}},"loc":{"start":{"line":189,"column":26},"end":{"line":217,"column":5}},"line":189},"12":{"name":"(anonymous_12)","decl":{"start":{"line":222,"column":4},"end":{"line":222,"column":5}},"loc":{"start":{"line":222,"column":28},"end":{"line":233,"column":5}},"line":222},"13":{"name":"(anonymous_13)","decl":{"start":{"line":238,"column":4},"end":{"line":238,"column":5}},"loc":{"start":{"line":238,"column":30},"end":{"line":279,"column":5}},"line":238},"14":{"name":"(anonymous_14)","decl":{"start":{"line":262,"column":31},"end":{"line":262,"column":32}},"loc":{"start":{"line":262,"column":37},"end":{"line":264,"column":21}},"line":262},"15":{"name":"(anonymous_15)","decl":{"start":{"line":284,"column":4},"end":{"line":284,"column":5}},"loc":{"start":{"line":284,"column":49},"end":{"line":293,"column":5}},"line":284},"16":{"name":"(anonymous_16)","decl":{"start":{"line":298,"column":4},"end":{"line":298,"column":5}},"loc":{"start":{"line":298,"column":18},"end":{"line":303,"column":5}},"line":298},"17":{"name":"(anonymous_17)","decl":{"start":{"line":308,"column":4},"end":{"line":308,"column":5}},"loc":{"start":{"line":308,"column":35},"end":{"line":318,"column":5}},"line":308},"18":{"name":"(anonymous_18)","decl":{"start":{"line":323,"column":4},"end":{"line":323,"column":5}},"loc":{"start":{"line":323,"column":31},"end":{"line":326,"column":5}},"line":323},"19":{"name":"(anonymous_19)","decl":{"start":{"line":331,"column":4},"end":{"line":331,"column":5}},"loc":{"start":{"line":331,"column":37},"end":{"line":347,"column":5}},"line":331},"20":{"name":"(anonymous_20)","decl":{"start":{"line":352,"column":4},"end":{"line":352,"column":5}},"loc":{"start":{"line":352,"column":23},"end":{"line":361,"column":5}},"line":352},"21":{"name":"(anonymous_21)","decl":{"start":{"line":366,"column":4},"end":{"line":366,"column":5}},"loc":{"start":{"line":366,"column":16},"end":{"line":377,"column":5}},"line":366},"22":{"name":"(anonymous_22)","decl":{"start":{"line":375,"column":60},"end":{"line":375,"column":61}},"loc":{"start":{"line":375,"column":67},"end":{"line":375,"column":96}},"line":375},"23":{"name":"(anonymous_23)","decl":{"start":{"line":382,"column":4},"end":{"line":382,"column":5}},"loc":{"start":{"line":382,"column":14},"end":{"line":406,"column":5}},"line":382},"24":{"name":"initializeElectionMap","decl":{"start":{"line":412,"column":15},"end":{"line":412,"column":36}},"loc":{"start":{"line":412,"column":39},"end":{"line":449,"column":1}},"line":412}},"branchMap":{"0":{"loc":{"start":{"line":114,"column":8},"end":{"line":123,"column":9}},"type":"if","locations":[{"start":{"line":114,"column":8},"end":{"line":123,"column":9}},{"start":{},"end":{}}],"line":114},"1":{"loc":{"start":{"line":171,"column":12},"end":{"line":179,"column":13}},"type":"if","locations":[{"start":{"line":171,"column":12},"end":{"line":179,"column":13}},{"start":{},"end":{}}],"line":171},"2":{"loc":{"start":{"line":196,"column":12},"end":{"line":198,"column":13}},"type":"if","locations":[{"start":{"line":196,"column":12},"end":{"line":198,"column":13}},{"start":{},"end":{}}],"line":196},"3":{"loc":{"start":{"line":247,"column":12},"end":{"line":249,"column":13}},"type":"if","locations":[{"start":{"line":247,"column":12},"end":{"line":249,"column":13}},{"start":{},"end":{}}],"line":247},"4":{"loc":{"start":{"line":251,"column":12},"end":{"line":253,"column":13}},"type":"if","locations":[{"start":{"line":251,"column":12},"end":{"line":253,"column":13}},{"start":{},"end":{}}],"line":251},"5":{"loc":{"start":{"line":255,"column":12},"end":{"line":266,"column":13}},"type":"if","locations":[{"start":{"line":255,"column":12},"end":{"line":266,"column":13}},{"start":{},"end":{}}],"line":255},"6":{"loc":{"start":{"line":255,"column":16},"end":{"line":255,"column":85}},"type":"binary-expr","locations":[{"start":{"line":255,"column":16},"end":{"line":255,"column":36}},{"start":{"line":255,"column":40},"end":{"line":255,"column":60}},{"start":{"line":255,"column":64},"end":{"line":255,"column":85}}],"line":255},"7":{"loc":{"start":{"line":260,"column":16},"end":{"line":265,"column":17}},"type":"if","locations":[{"start":{"line":260,"column":16},"end":{"line":265,"column":17}},{"start":{},"end":{}}],"line":260},"8":{"loc":{"start":{"line":260,"column":20},"end":{"line":260,"column":62}},"type":"binary-expr","locations":[{"start":{"line":260,"column":20},"end":{"line":260,"column":31}},{"start":{"line":260,"column":35},"end":{"line":260,"column":46}},{"start":{"line":260,"column":50},"end":{"line":260,"column":62}}],"line":260},"9":{"loc":{"start":{"line":269,"column":12},"end":{"line":272,"column":13}},"type":"if","locations":[{"start":{"line":269,"column":12},"end":{"line":272,"column":13}},{"start":{},"end":{}}],"line":269},"10":{"loc":{"start":{"line":284,"column":16},"end":{"line":284,"column":47}},"type":"default-arg","locations":[{"start":{"line":284,"column":26},"end":{"line":284,"column":47}}],"line":284},"11":{"loc":{"start":{"line":286,"column":8},"end":{"line":292,"column":9}},"type":"if","locations":[{"start":{"line":286,"column":8},"end":{"line":292,"column":9}},{"start":{},"end":{}}],"line":286},"12":{"loc":{"start":{"line":289,"column":12},"end":{"line":291,"column":13}},"type":"if","locations":[{"start":{"line":289,"column":12},"end":{"line":291,"column":13}},{"start":{},"end":{}}],"line":289},"13":{"loc":{"start":{"line":300,"column":8},"end":{"line":302,"column":9}},"type":"if","locations":[{"start":{"line":300,"column":8},"end":{"line":302,"column":9}},{"start":{},"end":{}}],"line":300},"14":{"loc":{"start":{"line":354,"column":8},"end":{"line":360,"column":9}},"type":"if","locations":[{"start":{"line":354,"column":8},"end":{"line":360,"column":9}},{"start":{"line":357,"column":15},"end":{"line":360,"column":9}}],"line":354},"15":{"loc":{"start":{"line":387,"column":12},"end":{"line":389,"column":13}},"type":"if","locations":[{"start":{"line":387,"column":12},"end":{"line":389,"column":13}},{"start":{},"end":{}}],"line":387},"16":{"loc":{"start":{"line":392,"column":12},"end":{"line":394,"column":13}},"type":"if","locations":[{"start":{"line":392,"column":12},"end":{"line":394,"column":13}},{"start":{},"end":{}}],"line":392},"17":{"loc":{"start":{"line":397,"column":12},"end":{"line":399,"column":13}},"type":"if","locations":[{"start":{"line":397,"column":12},"end":{"line":399,"column":13}},{"start":{},"end":{}}],"line":397},"18":{"loc":{"start":{"line":452,"column":0},"end":{"line":457,"column":1}},"type":"if","locations":[{"start":{"line":452,"column":0},"end":{"line":457,"column":1}},{"start":{"line":454,"column":7},"end":{"line":457,"column":1}}],"line":452}},"s":{"0":0,"1":0,"2":0,"3":0,"4":0,"5":0,"6":0,"7":0,"8":0,"9":0,"10":0,"11":0,"12":0,"13":0,"14":0,"15":0,"16":0,"17":0,"18":0,"19":0,"20":0,"21":0,"22":0,"23":0,"24":0,"25":0,"26":0,"27":0,"28":0,"29":0,"30":0,"31":0,"32":0,"33":0,"34":0,"35":0,"36":0,"37":0,"38":0,"39":0,"40":0,"41":0,"42":0,"43":0,"44":0,"45":0,"46":0,"47":0,"48":0,"49":0,"50":0,"51":0,"52":0,"53":0,"54":0,"55":0,"56":0,"57":0,"58":0,"59":0,"60":0,"61":0,"62":0,"63":0,"64":0,"65":0,"66":0,"67":0,"68":0,"69":0,"70":0,"71":0,"72":0,"73":0,"74":0,"75":0,"76":0,"77":0,"78":0,"79":0,"80":0,"81":0,"82":0,"83":0,"84":0,"85":0,"86":0,"87":0,"88":0,"89":0,"90":0,"91":0,"92":0,"93":0,"94":0,"95":0,"96":0,"97":0,"98":0,"99":0,"100":0,"101":0,"102":0,"103":0,"104":0,"105":0,"106":0,"107":0,"108":0,"109":0,"110":0,"111":0,"112":0,"113":0,"114":0,"115":0,"116":0,"117":0,"118":0,"119":0,"120":0,"121":0,"122":0,"123":0,"124":0,"125":0,"126":0,"127":0,"128":0,"129":0,"130":0,"131":0,"132":0,"133":0},"f":{"0":0,"1":0,"2":0,"3":0,"4":0,"5":0,"6":0,"7":0,"8":0,"9":0,"10":0,"11":0,"12":0,"13":0,"14":0,"15":0,"16":0,"17":0,"18":0,"19":0,"20":0,"21":0,"22":0,"23":0,"24":0},"b":{"0":[0,0],"1":[0,0],"2":[0,0],"3":[0,0],"4":[0,0],"5":[0,0],"6":[0,0,0],"7":[0,0],"8":[0,0,0],"9":[0,0],"10":[0],"11":[0,0],"12":[0,0],"13":[0,0],"14":[0,0],"15":[0,0],"16":[0,0],"17":[0,0],"18":[0,0]}}
,"/home/kcavagnolo/personal/statecraft.ai/maps/html/js/config/constants.js": {"path":"/home/kcavagnolo/personal/statecraft.ai/maps/html/js/config/constants.js","statementMap":{"0":{"start":{"line":11,"column":26},"end":{"line":37,"column":1}},"1":{"start":{"line":42,"column":25},"end":{"line":73,"column":1}},"2":{"start":{"line":80,"column":29},"end":{"line":132,"column":1}},"3":{"start":{"line":137,"column":39},"end":{"line":148,"column":1}},"4":{"start":{"line":153,"column":32},"end":{"line":182,"column":1}},"5":{"start":{"line":187,"column":29},"end":{"line":246,"column":1}},"6":{"start":{"line":251,"column":26},"end":{"line":272,"column":1}},"7":{"start":{"line":277,"column":25},"end":{"line":299,"column":1}},"8":{"start":{"line":304,"column":26},"end":{"line":328,"column":1}},"9":{"start":{"line":333,"column":24},"end":{"line":355,"column":1}},"10":{"start":{"line":360,"column":29},"end":{"line":369,"column":1}},"11":{"start":{"line":374,"column":28},"end":{"line":387,"column":1}}},"fnMap":{},"branchMap":{},"s":{"0":0,"1":0,"2":0,"3":0,"4":0,"5":0,"6":0,"7":0,"8":0,"9":0,"10":0,"11":0},"f":{},"b":{}}
,"/home/kcavagnolo/personal/statecraft.ai/maps/html/js/core/EventBus.js": {"path":"/home/kcavagnolo/personal/statecraft.ai/maps/html/js/core/EventBus.js","statementMap":{"0":{"start":{"line":18,"column":8},"end":{"line":18,"column":35}},"1":{"start":{"line":21,"column":8},"end":{"line":21,"column":31}},"2":{"start":{"line":22,"column":8},"end":{"line":22,"column":34}},"3":{"start":{"line":25,"column":8},"end":{"line":25,"column":29}},"4":{"start":{"line":28,"column":8},"end":{"line":28,"column":31}},"5":{"start":{"line":30,"column":8},"end":{"line":30,"column":47}},"6":{"start":{"line":41,"column":47},"end":{"line":41,"column":54}},"7":{"start":{"line":43,"column":8},"end":{"line":45,"column":9}},"8":{"start":{"line":44,"column":12},"end":{"line":44,"column":46}},"9":{"start":{"line":47,"column":25},"end":{"line":52,"column":9}},"10":{"start":{"line":55,"column":26},"end":{"line":55,"column":55}},"11":{"start":{"line":56,"column":28},"end":{"line":56,"column":75}},"12":{"start":{"line":56,"column":53},"end":{"line":56,"column":74}},"13":{"start":{"line":58,"column":8},"end":{"line":62,"column":9}},"14":{"start":{"line":59,"column":12},"end":{"line":59,"column":37}},"15":{"start":{"line":61,"column":12},"end":{"line":61,"column":55}},"16":{"start":{"line":64,"column":8},"end":{"line":66,"column":9}},"17":{"start":{"line":65,"column":12},"end":{"line":65,"column":90}},"18":{"start":{"line":69,"column":8},"end":{"line":69,"column":54}},"19":{"start":{"line":69,"column":21},"end":{"line":69,"column":53}},"20":{"start":{"line":79,"column":8},"end":{"line":79,"column":60}},"21":{"start":{"line":88,"column":8},"end":{"line":90,"column":9}},"22":{"start":{"line":89,"column":12},"end":{"line":89,"column":19}},"23":{"start":{"line":92,"column":26},"end":{"line":92,"column":55}},"24":{"start":{"line":93,"column":22},"end":{"line":93,"column":67}},"25":{"start":{"line":93,"column":47},"end":{"line":93,"column":66}},"26":{"start":{"line":95,"column":8},"end":{"line":106,"column":9}},"27":{"start":{"line":96,"column":12},"end":{"line":96,"column":39}},"28":{"start":{"line":98,"column":12},"end":{"line":100,"column":13}},"29":{"start":{"line":99,"column":16},"end":{"line":99,"column":91}},"30":{"start":{"line":103,"column":12},"end":{"line":105,"column":13}},"31":{"start":{"line":104,"column":16},"end":{"line":104,"column":49}},"32":{"start":{"line":117,"column":51},"end":{"line":117,"column":58}},"33":{"start":{"line":120,"column":8},"end":{"line":125,"column":11}},"34":{"start":{"line":127,"column":8},"end":{"line":129,"column":9}},"35":{"start":{"line":128,"column":12},"end":{"line":128,"column":71}},"36":{"start":{"line":132,"column":30},"end":{"line":132,"column":73}},"37":{"start":{"line":134,"column":8},"end":{"line":139,"column":9}},"38":{"start":{"line":135,"column":12},"end":{"line":137,"column":13}},"39":{"start":{"line":136,"column":16},"end":{"line":136,"column":66}},"40":{"start":{"line":138,"column":12},"end":{"line":138,"column":22}},"41":{"start":{"line":141,"column":26},"end":{"line":141,"column":60}},"42":{"start":{"line":142,"column":24},"end":{"line":142,"column":26}},"43":{"start":{"line":145,"column":30},"end":{"line":145,"column":59}},"44":{"start":{"line":145,"column":52},"end":{"line":145,"column":58}},"45":{"start":{"line":146,"column":8},"end":{"line":146,"column":62}},"46":{"start":{"line":146,"column":35},"end":{"line":146,"column":60}},"47":{"start":{"line":149,"column":8},"end":{"line":165,"column":9}},"48":{"start":{"line":150,"column":12},"end":{"line":164,"column":13}},"49":{"start":{"line":153,"column":16},"end":{"line":157,"column":17}},"50":{"start":{"line":154,"column":20},"end":{"line":154,"column":96}},"51":{"start":{"line":156,"column":20},"end":{"line":156,"column":73}},"52":{"start":{"line":159,"column":16},"end":{"line":159,"column":37}},"53":{"start":{"line":162,"column":16},"end":{"line":162,"column":86}},"54":{"start":{"line":163,"column":16},"end":{"line":163,"column":40}},"55":{"start":{"line":167,"column":8},"end":{"line":167,"column":23}},"56":{"start":{"line":177,"column":8},"end":{"line":177,"column":60}},"57":{"start":{"line":187,"column":8},"end":{"line":187,"column":59}},"58":{"start":{"line":195,"column":8},"end":{"line":195,"column":49}},"59":{"start":{"line":196,"column":8},"end":{"line":196,"column":55}},"60":{"start":{"line":206,"column":28},"end":{"line":206,"column":32}},"61":{"start":{"line":208,"column":8},"end":{"line":216,"column":9}},"62":{"start":{"line":209,"column":12},"end":{"line":215,"column":13}},"63":{"start":{"line":210,"column":16},"end":{"line":212,"column":18}},"64":{"start":{"line":214,"column":16},"end":{"line":214,"column":72}},"65":{"start":{"line":218,"column":8},"end":{"line":218,"column":29}},"66":{"start":{"line":228,"column":8},"end":{"line":242,"column":11}},"67":{"start":{"line":229,"column":28},"end":{"line":229,"column":32}},"68":{"start":{"line":231,"column":32},"end":{"line":234,"column":14}},"69":{"start":{"line":232,"column":16},"end":{"line":232,"column":55}},"70":{"start":{"line":232,"column":31},"end":{"line":232,"column":55}},"71":{"start":{"line":233,"column":16},"end":{"line":233,"column":30}},"72":{"start":{"line":236,"column":12},"end":{"line":241,"column":13}},"73":{"start":{"line":237,"column":16},"end":{"line":240,"column":28}},"74":{"start":{"line":238,"column":20},"end":{"line":238,"column":34}},"75":{"start":{"line":239,"column":20},"end":{"line":239,"column":82}},"76":{"start":{"line":251,"column":8},"end":{"line":251,"column":51}},"77":{"start":{"line":259,"column":8},"end":{"line":259,"column":49}},"78":{"start":{"line":267,"column":8},"end":{"line":267,"column":41}},"79":{"start":{"line":270,"column":8},"end":{"line":272,"column":9}},"80":{"start":{"line":271,"column":12},"end":{"line":271,"column":80}},"81":{"start":{"line":281,"column":8},"end":{"line":281,"column":49}},"82":{"start":{"line":288,"column":8},"end":{"line":288,"column":31}},"83":{"start":{"line":289,"column":8},"end":{"line":289,"column":31}},"84":{"start":{"line":290,"column":8},"end":{"line":290,"column":29}},"85":{"start":{"line":291,"column":8},"end":{"line":291,"column":43}},"86":{"start":{"line":299,"column":8},"end":{"line":299,"column":33}},"87":{"start":{"line":300,"column":8},"end":{"line":300,"column":83}},"88":{"start":{"line":308,"column":28},"end":{"line":308,"column":30}},"89":{"start":{"line":309,"column":8},"end":{"line":311,"column":11}},"90":{"start":{"line":310,"column":12},"end":{"line":310,"column":54}},"91":{"start":{"line":313,"column":8},"end":{"line":321,"column":10}},"92":{"start":{"line":316,"column":44},"end":{"line":316,"column":66}},"93":{"start":{"line":329,"column":26},"end":{"line":379,"column":1}},"94":{"start":{"line":382,"column":24},"end":{"line":382,"column":38}}},"fnMap":{"0":{"name":"(anonymous_0)","decl":{"start":{"line":16,"column":4},"end":{"line":16,"column":5}},"loc":{"start":{"line":16,"column":18},"end":{"line":31,"column":5}},"line":16},"1":{"name":"(anonymous_1)","decl":{"start":{"line":40,"column":4},"end":{"line":40,"column":5}},"loc":{"start":{"line":40,"column":42},"end":{"line":70,"column":5}},"line":40},"2":{"name":"(anonymous_2)","decl":{"start":{"line":56,"column":48},"end":{"line":56,"column":49}},"loc":{"start":{"line":56,"column":53},"end":{"line":56,"column":74}},"line":56},"3":{"name":"(anonymous_3)","decl":{"start":{"line":69,"column":15},"end":{"line":69,"column":16}},"loc":{"start":{"line":69,"column":21},"end":{"line":69,"column":53}},"line":69},"4":{"name":"(anonymous_4)","decl":{"start":{"line":78,"column":4},"end":{"line":78,"column":5}},"loc":{"start":{"line":78,"column":30},"end":{"line":80,"column":5}},"line":78},"5":{"name":"(anonymous_5)","decl":{"start":{"line":87,"column":4},"end":{"line":87,"column":5}},"loc":{"start":{"line":87,"column":31},"end":{"line":107,"column":5}},"line":87},"6":{"name":"(anonymous_6)","decl":{"start":{"line":93,"column":42},"end":{"line":93,"column":43}},"loc":{"start":{"line":93,"column":47},"end":{"line":93,"column":66}},"line":93},"7":{"name":"(anonymous_7)","decl":{"start":{"line":116,"column":4},"end":{"line":116,"column":5}},"loc":{"start":{"line":116,"column":53},"end":{"line":168,"column":5}},"line":116},"8":{"name":"(anonymous_8)","decl":{"start":{"line":145,"column":47},"end":{"line":145,"column":48}},"loc":{"start":{"line":145,"column":52},"end":{"line":145,"column":58}},"line":145},"9":{"name":"(anonymous_9)","decl":{"start":{"line":146,"column":30},"end":{"line":146,"column":31}},"loc":{"start":{"line":146,"column":35},"end":{"line":146,"column":60}},"line":146},"10":{"name":"(anonymous_10)","decl":{"start":{"line":176,"column":4},"end":{"line":176,"column":5}},"loc":{"start":{"line":176,"column":37},"end":{"line":178,"column":5}},"line":176},"11":{"name":"(anonymous_11)","decl":{"start":{"line":186,"column":4},"end":{"line":186,"column":5}},"loc":{"start":{"line":186,"column":38},"end":{"line":188,"column":5}},"line":186},"12":{"name":"(anonymous_12)","decl":{"start":{"line":194,"column":4},"end":{"line":194,"column":5}},"loc":{"start":{"line":194,"column":38},"end":{"line":197,"column":5}},"line":194},"13":{"name":"(anonymous_13)","decl":{"start":{"line":205,"column":4},"end":{"line":205,"column":5}},"loc":{"start":{"line":205,"column":43},"end":{"line":219,"column":5}},"line":205},"14":{"name":"(anonymous_14)","decl":{"start":{"line":227,"column":4},"end":{"line":227,"column":5}},"loc":{"start":{"line":227,"column":39},"end":{"line":243,"column":5}},"line":227},"15":{"name":"(anonymous_15)","decl":{"start":{"line":228,"column":27},"end":{"line":228,"column":28}},"loc":{"start":{"line":228,"column":48},"end":{"line":242,"column":9}},"line":228},"16":{"name":"(anonymous_16)","decl":{"start":{"line":231,"column":53},"end":{"line":231,"column":54}},"loc":{"start":{"line":231,"column":63},"end":{"line":234,"column":13}},"line":231},"17":{"name":"(anonymous_17)","decl":{"start":{"line":237,"column":39},"end":{"line":237,"column":40}},"loc":{"start":{"line":237,"column":45},"end":{"line":240,"column":17}},"line":237},"18":{"name":"(anonymous_18)","decl":{"start":{"line":250,"column":4},"end":{"line":250,"column":5}},"loc":{"start":{"line":250,"column":28},"end":{"line":252,"column":5}},"line":250},"19":{"name":"(anonymous_19)","decl":{"start":{"line":258,"column":4},"end":{"line":258,"column":5}},"loc":{"start":{"line":258,"column":20},"end":{"line":260,"column":5}},"line":258},"20":{"name":"(anonymous_20)","decl":{"start":{"line":266,"column":4},"end":{"line":266,"column":5}},"loc":{"start":{"line":266,"column":24},"end":{"line":273,"column":5}},"line":266},"21":{"name":"(anonymous_21)","decl":{"start":{"line":280,"column":4},"end":{"line":280,"column":5}},"loc":{"start":{"line":280,"column":27},"end":{"line":282,"column":5}},"line":280},"22":{"name":"(anonymous_22)","decl":{"start":{"line":287,"column":4},"end":{"line":287,"column":5}},"loc":{"start":{"line":287,"column":12},"end":{"line":292,"column":5}},"line":287},"23":{"name":"(anonymous_23)","decl":{"start":{"line":298,"column":4},"end":{"line":298,"column":5}},"loc":{"start":{"line":298,"column":26},"end":{"line":301,"column":5}},"line":298},"24":{"name":"(anonymous_24)","decl":{"start":{"line":307,"column":4},"end":{"line":307,"column":5}},"loc":{"start":{"line":307,"column":19},"end":{"line":322,"column":5}},"line":307},"25":{"name":"(anonymous_25)","decl":{"start":{"line":309,"column":31},"end":{"line":309,"column":32}},"loc":{"start":{"line":309,"column":57},"end":{"line":311,"column":9}},"line":309},"26":{"name":"(anonymous_26)","decl":{"start":{"line":316,"column":24},"end":{"line":316,"column":25}},"loc":{"start":{"line":316,"column":44},"end":{"line":316,"column":66}},"line":316}},"branchMap":{"0":{"loc":{"start":{"line":40,"column":28},"end":{"line":40,"column":40}},"type":"default-arg","locations":[{"start":{"line":40,"column":38},"end":{"line":40,"column":40}}],"line":40},"1":{"loc":{"start":{"line":41,"column":16},"end":{"line":41,"column":28}},"type":"default-arg","locations":[{"start":{"line":41,"column":23},"end":{"line":41,"column":28}}],"line":41},"2":{"loc":{"start":{"line":41,"column":30},"end":{"line":41,"column":42}},"type":"default-arg","locations":[{"start":{"line":41,"column":41},"end":{"line":41,"column":42}}],"line":41},"3":{"loc":{"start":{"line":43,"column":8},"end":{"line":45,"column":9}},"type":"if","locations":[{"start":{"line":43,"column":8},"end":{"line":45,"column":9}},{"start":{},"end":{}}],"line":43},"4":{"loc":{"start":{"line":58,"column":8},"end":{"line":62,"column":9}},"type":"if","locations":[{"start":{"line":58,"column":8},"end":{"line":62,"column":9}},{"start":{"line":60,"column":15},"end":{"line":62,"column":9}}],"line":58},"5":{"loc":{"start":{"line":64,"column":8},"end":{"line":66,"column":9}},"type":"if","locations":[{"start":{"line":64,"column":8},"end":{"line":66,"column":9}},{"start":{},"end":{}}],"line":64},"6":{"loc":{"start":{"line":88,"column":8},"end":{"line":90,"column":9}},"type":"if","locations":[{"start":{"line":88,"column":8},"end":{"line":90,"column":9}},{"start":{},"end":{}}],"line":88},"7":{"loc":{"start":{"line":95,"column":8},"end":{"line":106,"column":9}},"type":"if","locations":[{"start":{"line":95,"column":8},"end":{"line":106,"column":9}},{"start":{},"end":{}}],"line":95},"8":{"loc":{"start":{"line":98,"column":12},"end":{"line":100,"column":13}},"type":"if","locations":[{"start":{"line":98,"column":12},"end":{"line":100,"column":13}},{"start":{},"end":{}}],"line":98},"9":{"loc":{"start":{"line":103,"column":12},"end":{"line":105,"column":13}},"type":"if","locations":[{"start":{"line":103,"column":12},"end":{"line":105,"column":13}},{"start":{},"end":{}}],"line":103},"10":{"loc":{"start":{"line":116,"column":26},"end":{"line":116,"column":37}},"type":"default-arg","locations":[{"start":{"line":116,"column":33},"end":{"line":116,"column":37}}],"line":116},"11":{"loc":{"start":{"line":116,"column":39},"end":{"line":116,"column":51}},"type":"default-arg","locations":[{"start":{"line":116,"column":49},"end":{"line":116,"column":51}}],"line":116},"12":{"loc":{"start":{"line":117,"column":16},"end":{"line":117,"column":29}},"type":"default-arg","locations":[{"start":{"line":117,"column":24},"end":{"line":117,"column":29}}],"line":117},"13":{"loc":{"start":{"line":117,"column":31},"end":{"line":117,"column":46}},"type":"default-arg","locations":[{"start":{"line":117,"column":41},"end":{"line":117,"column":46}}],"line":117},"14":{"loc":{"start":{"line":127,"column":8},"end":{"line":129,"column":9}},"type":"if","locations":[{"start":{"line":127,"column":8},"end":{"line":129,"column":9}},{"start":{},"end":{}}],"line":127},"15":{"loc":{"start":{"line":134,"column":8},"end":{"line":139,"column":9}},"type":"if","locations":[{"start":{"line":134,"column":8},"end":{"line":139,"column":9}},{"start":{},"end":{}}],"line":134},"16":{"loc":{"start":{"line":135,"column":12},"end":{"line":137,"column":13}},"type":"if","locations":[{"start":{"line":135,"column":12},"end":{"line":137,"column":13}},{"start":{},"end":{}}],"line":135},"17":{"loc":{"start":{"line":153,"column":16},"end":{"line":157,"column":17}},"type":"if","locations":[{"start":{"line":153,"column":16},"end":{"line":157,"column":17}},{"start":{"line":155,"column":23},"end":{"line":157,"column":17}}],"line":153},"18":{"loc":{"start":{"line":176,"column":24},"end":{"line":176,"column":35}},"type":"default-arg","locations":[{"start":{"line":176,"column":31},"end":{"line":176,"column":35}}],"line":176},"19":{"loc":{"start":{"line":186,"column":25},"end":{"line":186,"column":36}},"type":"default-arg","locations":[{"start":{"line":186,"column":32},"end":{"line":186,"column":36}}],"line":186},"20":{"loc":{"start":{"line":227,"column":23},"end":{"line":227,"column":37}},"type":"default-arg","locations":[{"start":{"line":227,"column":33},"end":{"line":227,"column":37}}],"line":227},"21":{"loc":{"start":{"line":232,"column":16},"end":{"line":232,"column":55}},"type":"if","locations":[{"start":{"line":232,"column":16},"end":{"line":232,"column":55}},{"start":{},"end":{}}],"line":232},"22":{"loc":{"start":{"line":236,"column":12},"end":{"line":241,"column":13}},"type":"if","locations":[{"start":{"line":236,"column":12},"end":{"line":241,"column":13}},{"start":{},"end":{}}],"line":236},"23":{"loc":{"start":{"line":251,"column":15},"end":{"line":251,"column":50}},"type":"binary-expr","locations":[{"start":{"line":251,"column":15},"end":{"line":251,"column":44}},{"start":{"line":251,"column":48},"end":{"line":251,"column":50}}],"line":251},"24":{"loc":{"start":{"line":270,"column":8},"end":{"line":272,"column":9}},"type":"if","locations":[{"start":{"line":270,"column":8},"end":{"line":272,"column":9}},{"start":{},"end":{}}],"line":270},"25":{"loc":{"start":{"line":280,"column":15},"end":{"line":280,"column":25}},"type":"default-arg","locations":[{"start":{"line":280,"column":23},"end":{"line":280,"column":25}}],"line":280},"26":{"loc":{"start":{"line":300,"column":47},"end":{"line":300,"column":79}},"type":"cond-expr","locations":[{"start":{"line":300,"column":57},"end":{"line":300,"column":66}},{"start":{"line":300,"column":69},"end":{"line":300,"column":79}}],"line":300}},"s":{"0":0,"1":0,"2":0,"3":0,"4":0,"5":0,"6":0,"7":0,"8":0,"9":0,"10":0,"11":0,"12":0,"13":0,"14":0,"15":0,"16":0,"17":0,"18":0,"19":0,"20":0,"21":0,"22":0,"23":0,"24":0,"25":0,"26":0,"27":0,"28":0,"29":0,"30":0,"31":0,"32":0,"33":0,"34":0,"35":0,"36":0,"37":0,"38":0,"39":0,"40":0,"41":0,"42":0,"43":0,"44":0,"45":0,"46":0,"47":0,"48":0,"49":0,"50":0,"51":0,"52":0,"53":0,"54":0,"55":0,"56":0,"57":0,"58":0,"59":0,"60":0,"61":0,"62":0,"63":0,"64":0,"65":0,"66":0,"67":0,"68":0,"69":0,"70":0,"71":0,"72":0,"73":0,"74":0,"75":0,"76":0,"77":0,"78":0,"79":0,"80":0,"81":0,"82":0,"83":0,"84":0,"85":0,"86":0,"87":0,"88":0,"89":0,"90":0,"91":0,"92":0,"93":0,"94":0},"f":{"0":0,"1":0,"2":0,"3":0,"4":0,"5":0,"6":0,"7":0,"8":0,"9":0,"10":0,"11":0,"12":0,"13":0,"14":0,"15":0,"16":0,"17":0,"18":0,"19":0,"20":0,"21":0,"22":0,"23":0,"24":0,"25":0,"26":0},"b":{"0":[0],"1":[0],"2":[0],"3":[0,0],"4":[0,0],"5":[0,0],"6":[0,0],"7":[0,0],"8":[0,0],"9":[0,0],"10":[0],"11":[0],"12":[0],"13":[0],"14":[0,0],"15":[0,0],"16":[0,0],"17":[0,0],"18":[0],"19":[0],"20":[0],"21":[0,0],"22":[0,0],"23":[0,0],"24":[0,0],"25":[0],"26":[0,0]}}
,"/home/kcavagnolo/personal/statecraft.ai/maps/html/js/core/MapManager.js": {"path":"/home/kcavagnolo/personal/statecraft.ai/maps/html/js/core/MapManager.js","statementMap":{"0":{"start":{"line":19,"column":8},"end":{"line":19,"column":34}},"1":{"start":{"line":20,"column":8},"end":{"line":20,"column":31}},"2":{"start":{"line":23,"column":8},"end":{"line":23,"column":24}},"3":{"start":{"line":24,"column":8},"end":{"line":24,"column":27}},"4":{"start":{"line":25,"column":8},"end":{"line":25,"column":40}},"5":{"start":{"line":28,"column":8},"end":{"line":28,"column":32}},"6":{"start":{"line":29,"column":8},"end":{"line":29,"column":37}},"7":{"start":{"line":32,"column":8},"end":{"line":41,"column":10}},"8":{"start":{"line":44,"column":8},"end":{"line":48,"column":10}},"9":{"start":{"line":50,"column":8},"end":{"line":50,"column":50}},"10":{"start":{"line":60,"column":26},"end":{"line":60,"column":43}},"11":{"start":{"line":62,"column":8},"end":{"line":109,"column":9}},"12":{"start":{"line":63,"column":12},"end":{"line":63,"column":81}},"13":{"start":{"line":66,"column":30},"end":{"line":66,"column":66}},"14":{"start":{"line":69,"column":12},"end":{"line":69,"column":70}},"15":{"start":{"line":72,"column":12},"end":{"line":72,"column":38}},"16":{"start":{"line":75,"column":12},"end":{"line":75,"column":41}},"17":{"start":{"line":78,"column":12},"end":{"line":78,"column":38}},"18":{"start":{"line":81,"column":12},"end":{"line":81,"column":35}},"19":{"start":{"line":84,"column":12},"end":{"line":84,"column":77}},"20":{"start":{"line":87,"column":12},"end":{"line":87,"column":77}},"21":{"start":{"line":89,"column":12},"end":{"line":89,"column":99}},"22":{"start":{"line":92,"column":12},"end":{"line":96,"column":15}},"23":{"start":{"line":98,"column":12},"end":{"line":98,"column":28}},"24":{"start":{"line":101,"column":12},"end":{"line":101,"column":65}},"25":{"start":{"line":102,"column":12},"end":{"line":105,"column":15}},"26":{"start":{"line":108,"column":12},"end":{"line":108,"column":67}},"27":{"start":{"line":119,"column":8},"end":{"line":146,"column":9}},"28":{"start":{"line":121,"column":12},"end":{"line":134,"column":15}},"29":{"start":{"line":136,"column":12},"end":{"line":136,"column":95}},"30":{"start":{"line":139,"column":12},"end":{"line":145,"column":15}},"31":{"start":{"line":153,"column":8},"end":{"line":174,"column":10}},"32":{"start":{"line":177,"column":31},"end":{"line":177,"column":74}},"33":{"start":{"line":178,"column":8},"end":{"line":178,"column":40}},"34":{"start":{"line":180,"column":8},"end":{"line":180,"column":78}},"35":{"start":{"line":187,"column":8},"end":{"line":187,"column":30}},"36":{"start":{"line":187,"column":23},"end":{"line":187,"column":30}},"37":{"start":{"line":190,"column":8},"end":{"line":195,"column":11}},"38":{"start":{"line":191,"column":12},"end":{"line":194,"column":15}},"39":{"start":{"line":197,"column":8},"end":{"line":204,"column":11}},"40":{"start":{"line":198,"column":25},"end":{"line":198,"column":43}},"41":{"start":{"line":199,"column":12},"end":{"line":202,"column":15}},"42":{"start":{"line":203,"column":12},"end":{"line":203,"column":81}},"43":{"start":{"line":207,"column":8},"end":{"line":215,"column":11}},"44":{"start":{"line":208,"column":27},"end":{"line":208,"column":47}},"45":{"start":{"line":209,"column":27},"end":{"line":209,"column":47}},"46":{"start":{"line":211,"column":12},"end":{"line":214,"column":15}},"47":{"start":{"line":218,"column":8},"end":{"line":224,"column":11}},"48":{"start":{"line":219,"column":12},"end":{"line":223,"column":15}},"49":{"start":{"line":227,"column":8},"end":{"line":234,"column":11}},"50":{"start":{"line":228,"column":12},"end":{"line":228,"column":51}},"51":{"start":{"line":229,"column":12},"end":{"line":233,"column":15}},"52":{"start":{"line":236,"column":8},"end":{"line":236,"column":53}},"53":{"start":{"line":244,"column":8},"end":{"line":250,"column":11}},"54":{"start":{"line":245,"column":12},"end":{"line":249,"column":13}},"55":{"start":{"line":246,"column":16},"end":{"line":246,"column":92}},"56":{"start":{"line":247,"column":16},"end":{"line":247,"column":35}},"57":{"start":{"line":248,"column":16},"end":{"line":248,"column":28}},"58":{"start":{"line":252,"column":8},"end":{"line":252,"column":49}},"59":{"start":{"line":259,"column":8},"end":{"line":259,"column":30}},"60":{"start":{"line":259,"column":23},"end":{"line":259,"column":30}},"61":{"start":{"line":261,"column":8},"end":{"line":266,"column":27}},"62":{"start":{"line":268,"column":8},"end":{"line":268,"column":47}},"63":{"start":{"line":276,"column":8},"end":{"line":279,"column":9}},"64":{"start":{"line":277,"column":12},"end":{"line":277,"column":66}},"65":{"start":{"line":278,"column":12},"end":{"line":278,"column":19}},"66":{"start":{"line":282,"column":8},"end":{"line":284,"column":9}},"67":{"start":{"line":283,"column":12},"end":{"line":283,"column":69}},"68":{"start":{"line":287,"column":8},"end":{"line":287,"column":50}},"69":{"start":{"line":288,"column":8},"end":{"line":288,"column":41}},"70":{"start":{"line":291,"column":8},"end":{"line":291,"column":79}},"71":{"start":{"line":294,"column":8},"end":{"line":297,"column":11}},"72":{"start":{"line":299,"column":8},"end":{"line":299,"column":61}},"73":{"start":{"line":309,"column":8},"end":{"line":312,"column":9}},"74":{"start":{"line":310,"column":12},"end":{"line":310,"column":69}},"75":{"start":{"line":311,"column":12},"end":{"line":311,"column":19}},"76":{"start":{"line":314,"column":26},"end":{"line":314,"column":43}},"77":{"start":{"line":316,"column":8},"end":{"line":355,"column":9}},"78":{"start":{"line":318,"column":12},"end":{"line":318,"column":38}},"79":{"start":{"line":321,"column":12},"end":{"line":321,"column":34}},"80":{"start":{"line":324,"column":12},"end":{"line":328,"column":15}},"81":{"start":{"line":331,"column":31},"end":{"line":331,"column":60}},"82":{"start":{"line":332,"column":12},"end":{"line":332,"column":78}},"83":{"start":{"line":335,"column":12},"end":{"line":337,"column":13}},"84":{"start":{"line":336,"column":16},"end":{"line":336,"column":87}},"85":{"start":{"line":340,"column":12},"end":{"line":344,"column":15}},"86":{"start":{"line":346,"column":12},"end":{"line":346,"column":86}},"87":{"start":{"line":349,"column":12},"end":{"line":349,"column":72}},"88":{"start":{"line":350,"column":12},"end":{"line":354,"column":15}},"89":{"start":{"line":363,"column":26},"end":{"line":363,"column":50}},"90":{"start":{"line":365,"column":8},"end":{"line":389,"column":9}},"91":{"start":{"line":366,"column":12},"end":{"line":388,"column":13}},"92":{"start":{"line":367,"column":16},"end":{"line":367,"column":54}},"93":{"start":{"line":368,"column":16},"end":{"line":368,"column":44}},"94":{"start":{"line":371,"column":16},"end":{"line":371,"column":73}},"95":{"start":{"line":374,"column":16},"end":{"line":376,"column":17}},"96":{"start":{"line":375,"column":20},"end":{"line":375,"column":90}},"97":{"start":{"line":379,"column":16},"end":{"line":382,"column":19}},"98":{"start":{"line":384,"column":16},"end":{"line":384,"column":62}},"99":{"start":{"line":387,"column":16},"end":{"line":387,"column":79}},"100":{"start":{"line":398,"column":26},"end":{"line":398,"column":50}},"101":{"start":{"line":399,"column":8},"end":{"line":399,"column":50}},"102":{"start":{"line":407,"column":8},"end":{"line":407,"column":46}},"103":{"start":{"line":416,"column":8},"end":{"line":416,"column":30}},"104":{"start":{"line":416,"column":23},"end":{"line":416,"column":30}},"105":{"start":{"line":418,"column":31},"end":{"line":421,"column":9}},"106":{"start":{"line":423,"column":8},"end":{"line":423,"column":70}},"107":{"start":{"line":425,"column":8},"end":{"line":425,"column":48}},"108":{"start":{"line":435,"column":8},"end":{"line":435,"column":30}},"109":{"start":{"line":435,"column":23},"end":{"line":435,"column":30}},"110":{"start":{"line":437,"column":8},"end":{"line":437,"column":48}},"111":{"start":{"line":439,"column":8},"end":{"line":439,"column":67}},"112":{"start":{"line":448,"column":8},"end":{"line":478,"column":9}},"113":{"start":{"line":449,"column":12},"end":{"line":449,"column":72}},"114":{"start":{"line":452,"column":12},"end":{"line":452,"column":76}},"115":{"start":{"line":455,"column":12},"end":{"line":457,"column":31}},"116":{"start":{"line":460,"column":12},"end":{"line":460,"column":86}},"117":{"start":{"line":462,"column":12},"end":{"line":462,"column":68}},"118":{"start":{"line":464,"column":12},"end":{"line":467,"column":15}},"119":{"start":{"line":469,"column":12},"end":{"line":469,"column":28}},"120":{"start":{"line":472,"column":12},"end":{"line":472,"column":79}},"121":{"start":{"line":473,"column":12},"end":{"line":476,"column":15}},"122":{"start":{"line":477,"column":12},"end":{"line":477,"column":24}},"123":{"start":{"line":486,"column":8},"end":{"line":491,"column":10}},"124":{"start":{"line":498,"column":8},"end":{"line":523,"column":9}},"125":{"start":{"line":499,"column":12},"end":{"line":522,"column":13}},"126":{"start":{"line":501,"column":16},"end":{"line":503,"column":19}},"127":{"start":{"line":502,"column":20},"end":{"line":502,"column":46}},"128":{"start":{"line":506,"column":16},"end":{"line":506,"column":34}},"129":{"start":{"line":507,"column":16},"end":{"line":507,"column":32}},"130":{"start":{"line":510,"column":16},"end":{"line":513,"column":53}},"131":{"start":{"line":516,"column":16},"end":{"line":516,"column":65}},"132":{"start":{"line":518,"column":16},"end":{"line":518,"column":56}},"133":{"start":{"line":521,"column":16},"end":{"line":521,"column":64}}},"fnMap":{"0":{"name":"(anonymous_0)","decl":{"start":{"line":18,"column":4},"end":{"line":18,"column":5}},"loc":{"start":{"line":18,"column":40},"end":{"line":51,"column":5}},"line":18},"1":{"name":"(anonymous_1)","decl":{"start":{"line":59,"column":4},"end":{"line":59,"column":5}},"loc":{"start":{"line":59,"column":50},"end":{"line":110,"column":5}},"line":59},"2":{"name":"(anonymous_2)","decl":{"start":{"line":118,"column":4},"end":{"line":118,"column":5}},"loc":{"start":{"line":118,"column":43},"end":{"line":147,"column":5}},"line":118},"3":{"name":"(anonymous_3)","decl":{"start":{"line":152,"column":4},"end":{"line":152,"column":5}},"loc":{"start":{"line":152,"column":25},"end":{"line":181,"column":5}},"line":152},"4":{"name":"(anonymous_4)","decl":{"start":{"line":186,"column":4},"end":{"line":186,"column":5}},"loc":{"start":{"line":186,"column":28},"end":{"line":237,"column":5}},"line":186},"5":{"name":"(anonymous_5)","decl":{"start":{"line":190,"column":33},"end":{"line":190,"column":34}},"loc":{"start":{"line":190,"column":39},"end":{"line":195,"column":9}},"line":190},"6":{"name":"(anonymous_6)","decl":{"start":{"line":197,"column":31},"end":{"line":197,"column":32}},"loc":{"start":{"line":197,"column":37},"end":{"line":204,"column":9}},"line":197},"7":{"name":"(anonymous_7)","decl":{"start":{"line":207,"column":31},"end":{"line":207,"column":32}},"loc":{"start":{"line":207,"column":37},"end":{"line":215,"column":9}},"line":207},"8":{"name":"(anonymous_8)","decl":{"start":{"line":218,"column":29},"end":{"line":218,"column":30}},"loc":{"start":{"line":218,"column":36},"end":{"line":224,"column":9}},"line":218},"9":{"name":"(anonymous_9)","decl":{"start":{"line":227,"column":33},"end":{"line":227,"column":34}},"loc":{"start":{"line":227,"column":40},"end":{"line":234,"column":9}},"line":227},"10":{"name":"(anonymous_10)","decl":{"start":{"line":242,"column":4},"end":{"line":242,"column":5}},"loc":{"start":{"line":242,"column":25},"end":{"line":253,"column":5}},"line":242},"11":{"name":"(anonymous_11)","decl":{"start":{"line":244,"column":41},"end":{"line":244,"column":42}},"loc":{"start":{"line":244,"column":48},"end":{"line":250,"column":9}},"line":244},"12":{"name":"(anonymous_12)","decl":{"start":{"line":258,"column":4},"end":{"line":258,"column":5}},"loc":{"start":{"line":258,"column":22},"end":{"line":269,"column":5}},"line":258},"13":{"name":"(anonymous_13)","decl":{"start":{"line":275,"column":4},"end":{"line":275,"column":5}},"loc":{"start":{"line":275,"column":27},"end":{"line":300,"column":5}},"line":275},"14":{"name":"(anonymous_14)","decl":{"start":{"line":308,"column":4},"end":{"line":308,"column":5}},"loc":{"start":{"line":308,"column":43},"end":{"line":356,"column":5}},"line":308},"15":{"name":"(anonymous_15)","decl":{"start":{"line":362,"column":4},"end":{"line":362,"column":5}},"loc":{"start":{"line":362,"column":25},"end":{"line":390,"column":5}},"line":362},"16":{"name":"(anonymous_16)","decl":{"start":{"line":397,"column":4},"end":{"line":397,"column":5}},"loc":{"start":{"line":397,"column":22},"end":{"line":400,"column":5}},"line":397},"17":{"name":"(anonymous_17)","decl":{"start":{"line":406,"column":4},"end":{"line":406,"column":5}},"loc":{"start":{"line":406,"column":18},"end":{"line":408,"column":5}},"line":406},"18":{"name":"(anonymous_18)","decl":{"start":{"line":415,"column":4},"end":{"line":415,"column":5}},"loc":{"start":{"line":415,"column":36},"end":{"line":426,"column":5}},"line":415},"19":{"name":"(anonymous_19)","decl":{"start":{"line":434,"column":4},"end":{"line":434,"column":5}},"loc":{"start":{"line":434,"column":40},"end":{"line":440,"column":5}},"line":434},"20":{"name":"(anonymous_20)","decl":{"start":{"line":447,"column":4},"end":{"line":447,"column":5}},"loc":{"start":{"line":447,"column":47},"end":{"line":479,"column":5}},"line":447},"21":{"name":"(anonymous_21)","decl":{"start":{"line":485,"column":4},"end":{"line":485,"column":5}},"loc":{"start":{"line":485,"column":28},"end":{"line":492,"column":5}},"line":485},"22":{"name":"(anonymous_22)","decl":{"start":{"line":497,"column":4},"end":{"line":497,"column":5}},"loc":{"start":{"line":497,"column":14},"end":{"line":524,"column":5}},"line":497},"23":{"name":"(anonymous_23)","decl":{"start":{"line":501,"column":36},"end":{"line":501,"column":37}},"loc":{"start":{"line":501,"column":60},"end":{"line":503,"column":17}},"line":501}},"branchMap":{"0":{"loc":{"start":{"line":59,"column":37},"end":{"line":59,"column":48}},"type":"default-arg","locations":[{"start":{"line":59,"column":46},"end":{"line":59,"column":48}}],"line":59},"1":{"loc":{"start":{"line":177,"column":31},"end":{"line":177,"column":74}},"type":"binary-expr","locations":[{"start":{"line":177,"column":31},"end":{"line":177,"column":61}},{"start":{"line":177,"column":65},"end":{"line":177,"column":74}}],"line":177},"2":{"loc":{"start":{"line":187,"column":8},"end":{"line":187,"column":30}},"type":"if","locations":[{"start":{"line":187,"column":8},"end":{"line":187,"column":30}},{"start":{},"end":{}}],"line":187},"3":{"loc":{"start":{"line":245,"column":12},"end":{"line":249,"column":13}},"type":"if","locations":[{"start":{"line":245,"column":12},"end":{"line":249,"column":13}},{"start":{},"end":{}}],"line":245},"4":{"loc":{"start":{"line":245,"column":16},"end":{"line":245,"column":61}},"type":"binary-expr","locations":[{"start":{"line":245,"column":16},"end":{"line":245,"column":25}},{"start":{"line":245,"column":29},"end":{"line":245,"column":61}}],"line":245},"5":{"loc":{"start":{"line":259,"column":8},"end":{"line":259,"column":30}},"type":"if","locations":[{"start":{"line":259,"column":8},"end":{"line":259,"column":30}},{"start":{},"end":{}}],"line":259},"6":{"loc":{"start":{"line":276,"column":8},"end":{"line":279,"column":9}},"type":"if","locations":[{"start":{"line":276,"column":8},"end":{"line":279,"column":9}},{"start":{},"end":{}}],"line":276},"7":{"loc":{"start":{"line":276,"column":12},"end":{"line":276,"column":51}},"type":"binary-expr","locations":[{"start":{"line":276,"column":12},"end":{"line":276,"column":21}},{"start":{"line":276,"column":25},"end":{"line":276,"column":51}}],"line":276},"8":{"loc":{"start":{"line":282,"column":8},"end":{"line":284,"column":9}},"type":"if","locations":[{"start":{"line":282,"column":8},"end":{"line":284,"column":9}},{"start":{},"end":{}}],"line":282},"9":{"loc":{"start":{"line":282,"column":12},"end":{"line":282,"column":69}},"type":"binary-expr","locations":[{"start":{"line":282,"column":12},"end":{"line":282,"column":31}},{"start":{"line":282,"column":35},"end":{"line":282,"column":69}}],"line":282},"10":{"loc":{"start":{"line":308,"column":29},"end":{"line":308,"column":41}},"type":"default-arg","locations":[{"start":{"line":308,"column":39},"end":{"line":308,"column":41}}],"line":308},"11":{"loc":{"start":{"line":309,"column":8},"end":{"line":312,"column":9}},"type":"if","locations":[{"start":{"line":309,"column":8},"end":{"line":312,"column":9}},{"start":{},"end":{}}],"line":309},"12":{"loc":{"start":{"line":335,"column":12},"end":{"line":337,"column":13}},"type":"if","locations":[{"start":{"line":335,"column":12},"end":{"line":337,"column":13}},{"start":{},"end":{}}],"line":335},"13":{"loc":{"start":{"line":365,"column":8},"end":{"line":389,"column":9}},"type":"if","locations":[{"start":{"line":365,"column":8},"end":{"line":389,"column":9}},{"start":{},"end":{}}],"line":365},"14":{"loc":{"start":{"line":365,"column":12},"end":{"line":365,"column":33}},"type":"binary-expr","locations":[{"start":{"line":365,"column":12},"end":{"line":365,"column":21}},{"start":{"line":365,"column":25},"end":{"line":365,"column":33}}],"line":365},"15":{"loc":{"start":{"line":374,"column":16},"end":{"line":376,"column":17}},"type":"if","locations":[{"start":{"line":374,"column":16},"end":{"line":376,"column":17}},{"start":{},"end":{}}],"line":374},"16":{"loc":{"start":{"line":399,"column":15},"end":{"line":399,"column":49}},"type":"cond-expr","locations":[{"start":{"line":399,"column":27},"end":{"line":399,"column":42}},{"start":{"line":399,"column":45},"end":{"line":399,"column":49}}],"line":399},"17":{"loc":{"start":{"line":415,"column":22},"end":{"line":415,"column":34}},"type":"default-arg","locations":[{"start":{"line":415,"column":32},"end":{"line":415,"column":34}}],"line":415},"18":{"loc":{"start":{"line":416,"column":8},"end":{"line":416,"column":30}},"type":"if","locations":[{"start":{"line":416,"column":8},"end":{"line":416,"column":30}},{"start":{},"end":{}}],"line":416},"19":{"loc":{"start":{"line":434,"column":26},"end":{"line":434,"column":38}},"type":"default-arg","locations":[{"start":{"line":434,"column":36},"end":{"line":434,"column":38}}],"line":434},"20":{"loc":{"start":{"line":435,"column":8},"end":{"line":435,"column":30}},"type":"if","locations":[{"start":{"line":435,"column":8},"end":{"line":435,"column":30}},{"start":{},"end":{}}],"line":435},"21":{"loc":{"start":{"line":489,"column":22},"end":{"line":489,"column":66}},"type":"cond-expr","locations":[{"start":{"line":489,"column":33},"end":{"line":489,"column":46}},{"start":{"line":489,"column":49},"end":{"line":489,"column":66}}],"line":489},"22":{"loc":{"start":{"line":498,"column":8},"end":{"line":523,"column":9}},"type":"if","locations":[{"start":{"line":498,"column":8},"end":{"line":523,"column":9}},{"start":{},"end":{}}],"line":498}},"s":{"0":0,"1":0,"2":0,"3":0,"4":0,"5":0,"6":0,"7":0,"8":0,"9":0,"10":0,"11":0,"12":0,"13":0,"14":0,"15":0,"16":0,"17":0,"18":0,"19":0,"20":0,"21":0,"22":0,"23":0,"24":0,"25":0,"26":0,"27":0,"28":0,"29":0,"30":0,"31":0,"32":0,"33":0,"34":0,"35":0,"36":0,"37":0,"38":0,"39":0,"40":0,"41":0,"42":0,"43":0,"44":0,"45":0,"46":0,"47":0,"48":0,"49":0,"50":0,"51":0,"52":0,"53":0,"54":0,"55":0,"56":0,"57":0,"58":0,"59":0,"60":0,"61":0,"62":0,"63":0,"64":0,"65":0,"66":0,"67":0,"68":0,"69":0,"70":0,"71":0,"72":0,"73":0,"74":0,"75":0,"76":0,"77":0,"78":0,"79":0,"80":0,"81":0,"82":0,"83":0,"84":0,"85":0,"86":0,"87":0,"88":0,"89":0,"90":0,"91":0,"92":0,"93":0,"94":0,"95":0,"96":0,"97":0,"98":0,"99":0,"100":0,"101":0,"102":0,"103":0,"104":0,"105":0,"106":0,"107":0,"108":0,"109":0,"110":0,"111":0,"112":0,"113":0,"114":0,"115":0,"116":0,"117":0,"118":0,"119":0,"120":0,"121":0,"122":0,"123":0,"124":0,"125":0,"126":0,"127":0,"128":0,"129":0,"130":0,"131":0,"132":0,"133":0},"f":{"0":0,"1":0,"2":0,"3":0,"4":0,"5":0,"6":0,"7":0,"8":0,"9":0,"10":0,"11":0,"12":0,"13":0,"14":0,"15":0,"16":0,"17":0,"18":0,"19":0,"20":0,"21":0,"22":0,"23":0},"b":{"0":[0],"1":[0,0],"2":[0,0],"3":[0,0],"4":[0,0],"5":[0,0],"6":[0,0],"7":[0,0],"8":[0,0],"9":[0,0],"10":[0],"11":[0,0],"12":[0,0],"13":[0,0],"14":[0,0],"15":[0,0],"16":[0,0],"17":[0],"18":[0,0],"19":[0],"20":[0,0],"21":[0,0],"22":[0,0]}}
,"/home/kcavagnolo/personal/statecraft.ai/maps/html/js/core/StateManager.js": {"path":"/home/kcavagnolo/personal/statecraft.ai/maps/html/js/core/StateManager.js","statementMap":{"0":{"start":{"line":18,"column":8},"end":{"line":102,"column":10}},"1":{"start":{"line":105,"column":8},"end":{"line":105,"column":37}},"2":{"start":{"line":108,"column":8},"end":{"line":108,"column":26}},"3":{"start":{"line":109,"column":8},"end":{"line":109,"column":33}},"4":{"start":{"line":112,"column":8},"end":{"line":112,"column":37}},"5":{"start":{"line":115,"column":8},"end":{"line":115,"column":34}},"6":{"start":{"line":117,"column":8},"end":{"line":117,"column":86}},"7":{"start":{"line":125,"column":25},"end":{"line":125,"column":49}},"8":{"start":{"line":127,"column":8},"end":{"line":131,"column":9}},"9":{"start":{"line":128,"column":12},"end":{"line":128,"column":44}},"10":{"start":{"line":129,"column":15},"end":{"line":131,"column":9}},"11":{"start":{"line":130,"column":12},"end":{"line":130,"column":41}},"12":{"start":{"line":133,"column":8},"end":{"line":133,"column":104}},"13":{"start":{"line":142,"column":55},"end":{"line":142,"column":62}},"14":{"start":{"line":145,"column":30},"end":{"line":145,"column":47}},"15":{"start":{"line":148,"column":8},"end":{"line":148,"column":43}},"16":{"start":{"line":151,"column":8},"end":{"line":156,"column":11}},"17":{"start":{"line":158,"column":8},"end":{"line":160,"column":9}},"18":{"start":{"line":159,"column":12},"end":{"line":159,"column":67}},"19":{"start":{"line":163,"column":8},"end":{"line":163,"column":48}},"20":{"start":{"line":166,"column":8},"end":{"line":166,"column":48}},"21":{"start":{"line":175,"column":8},"end":{"line":177,"column":9}},"22":{"start":{"line":176,"column":12},"end":{"line":176,"column":37}},"23":{"start":{"line":180,"column":8},"end":{"line":182,"column":9}},"24":{"start":{"line":181,"column":12},"end":{"line":181,"column":44}},"25":{"start":{"line":184,"column":8},"end":{"line":184,"column":31}},"26":{"start":{"line":193,"column":8},"end":{"line":193,"column":76}},"27":{"start":{"line":193,"column":52},"end":{"line":193,"column":62}},"28":{"start":{"line":203,"column":25},"end":{"line":203,"column":60}},"29":{"start":{"line":204,"column":29},"end":{"line":204,"column":68}},"30":{"start":{"line":206,"column":8},"end":{"line":209,"column":11}},"31":{"start":{"line":211,"column":8},"end":{"line":211,"column":84}},"32":{"start":{"line":214,"column":8},"end":{"line":217,"column":10}},"33":{"start":{"line":215,"column":12},"end":{"line":215,"column":50}},"34":{"start":{"line":216,"column":12},"end":{"line":216,"column":70}},"35":{"start":{"line":226,"column":28},"end":{"line":226,"column":48}},"36":{"start":{"line":228,"column":8},"end":{"line":241,"column":11}},"37":{"start":{"line":229,"column":39},"end":{"line":229,"column":49}},"38":{"start":{"line":232,"column":36},"end":{"line":232,"column":79}},"39":{"start":{"line":232,"column":53},"end":{"line":232,"column":78}},"40":{"start":{"line":234,"column":12},"end":{"line":240,"column":13}},"41":{"start":{"line":235,"column":16},"end":{"line":239,"column":17}},"42":{"start":{"line":236,"column":20},"end":{"line":236,"column":58}},"43":{"start":{"line":238,"column":20},"end":{"line":238,"column":83}},"44":{"start":{"line":249,"column":32},"end":{"line":252,"column":9}},"45":{"start":{"line":254,"column":30},"end":{"line":254,"column":79}},"46":{"start":{"line":254,"column":49},"end":{"line":254,"column":78}},"47":{"start":{"line":256,"column":8},"end":{"line":268,"column":9}},"48":{"start":{"line":257,"column":12},"end":{"line":267,"column":13}},"49":{"start":{"line":258,"column":38},"end":{"line":258,"column":40}},"50":{"start":{"line":259,"column":16},"end":{"line":261,"column":19}},"51":{"start":{"line":260,"column":20},"end":{"line":260,"column":57}},"52":{"start":{"line":263,"column":16},"end":{"line":263,"column":88}},"53":{"start":{"line":264,"column":16},"end":{"line":264,"column":66}},"54":{"start":{"line":266,"column":16},"end":{"line":266,"column":67}},"55":{"start":{"line":275,"column":8},"end":{"line":284,"column":9}},"56":{"start":{"line":276,"column":34},"end":{"line":276,"column":74}},"57":{"start":{"line":277,"column":12},"end":{"line":281,"column":13}},"58":{"start":{"line":278,"column":31},"end":{"line":278,"column":56}},"59":{"start":{"line":279,"column":16},"end":{"line":279,"column":50}},"60":{"start":{"line":280,"column":16},"end":{"line":280,"column":66}},"61":{"start":{"line":283,"column":12},"end":{"line":283,"column":70}},"62":{"start":{"line":292,"column":8},"end":{"line":292,"column":36}},"63":{"start":{"line":295,"column":8},"end":{"line":297,"column":9}},"64":{"start":{"line":296,"column":12},"end":{"line":296,"column":70}},"65":{"start":{"line":305,"column":8},"end":{"line":313,"column":10}},"66":{"start":{"line":322,"column":8},"end":{"line":322,"column":44}},"67":{"start":{"line":330,"column":8},"end":{"line":350,"column":9}},"68":{"start":{"line":332,"column":33},"end":{"line":332,"column":57}},"69":{"start":{"line":333,"column":33},"end":{"line":333,"column":35}},"70":{"start":{"line":335,"column":12},"end":{"line":337,"column":15}},"71":{"start":{"line":336,"column":16},"end":{"line":336,"column":54}},"72":{"start":{"line":339,"column":12},"end":{"line":339,"column":61}},"73":{"start":{"line":342,"column":12},"end":{"line":342,"column":50}},"74":{"start":{"line":343,"column":12},"end":{"line":343,"column":30}},"75":{"start":{"line":344,"column":12},"end":{"line":344,"column":37}},"76":{"start":{"line":347,"column":12},"end":{"line":347,"column":56}},"77":{"start":{"line":349,"column":12},"end":{"line":349,"column":55}},"78":{"start":{"line":358,"column":23},"end":{"line":358,"column":25}},"79":{"start":{"line":361,"column":8},"end":{"line":363,"column":9}},"80":{"start":{"line":362,"column":12},"end":{"line":362,"column":51}},"81":{"start":{"line":365,"column":8},"end":{"line":367,"column":9}},"82":{"start":{"line":366,"column":12},"end":{"line":366,"column":53}},"83":{"start":{"line":370,"column":8},"end":{"line":372,"column":9}},"84":{"start":{"line":371,"column":12},"end":{"line":371,"column":59}},"85":{"start":{"line":374,"column":8},"end":{"line":376,"column":9}},"86":{"start":{"line":375,"column":12},"end":{"line":375,"column":69}},"87":{"start":{"line":378,"column":8},"end":{"line":381,"column":10}},"88":{"start":{"line":389,"column":32},"end":{"line":389,"column":34}},"89":{"start":{"line":391,"column":8},"end":{"line":403,"column":11}},"90":{"start":{"line":392,"column":26},"end":{"line":392,"column":41}},"91":{"start":{"line":395,"column":12},"end":{"line":402,"column":13}},"92":{"start":{"line":399,"column":16},"end":{"line":399,"column":69}},"93":{"start":{"line":401,"column":16},"end":{"line":401,"column":45}},"94":{"start":{"line":405,"column":8},"end":{"line":405,"column":31}},"95":{"start":{"line":410,"column":28},"end":{"line":410,"column":46}}},"fnMap":{"0":{"name":"(anonymous_0)","decl":{"start":{"line":16,"column":4},"end":{"line":16,"column":5}},"loc":{"start":{"line":16,"column":18},"end":{"line":118,"column":5}},"line":16},"1":{"name":"(anonymous_1)","decl":{"start":{"line":123,"column":4},"end":{"line":123,"column":5}},"loc":{"start":{"line":123,"column":28},"end":{"line":134,"column":5}},"line":123},"2":{"name":"(anonymous_2)","decl":{"start":{"line":141,"column":4},"end":{"line":141,"column":5}},"loc":{"start":{"line":141,"column":36},"end":{"line":167,"column":5}},"line":141},"3":{"name":"(anonymous_3)","decl":{"start":{"line":174,"column":4},"end":{"line":174,"column":5}},"loc":{"start":{"line":174,"column":18},"end":{"line":185,"column":5}},"line":174},"4":{"name":"(anonymous_4)","decl":{"start":{"line":192,"column":4},"end":{"line":192,"column":5}},"loc":{"start":{"line":192,"column":25},"end":{"line":194,"column":5}},"line":192},"5":{"name":"(anonymous_5)","decl":{"start":{"line":193,"column":38},"end":{"line":193,"column":39}},"loc":{"start":{"line":193,"column":52},"end":{"line":193,"column":62}},"line":193},"6":{"name":"(anonymous_6)","decl":{"start":{"line":202,"column":4},"end":{"line":202,"column":5}},"loc":{"start":{"line":202,"column":30},"end":{"line":218,"column":5}},"line":202},"7":{"name":"(anonymous_7)","decl":{"start":{"line":214,"column":15},"end":{"line":214,"column":16}},"loc":{"start":{"line":214,"column":21},"end":{"line":217,"column":9}},"line":214},"8":{"name":"(anonymous_8)","decl":{"start":{"line":225,"column":4},"end":{"line":225,"column":5}},"loc":{"start":{"line":225,"column":39},"end":{"line":242,"column":5}},"line":225},"9":{"name":"(anonymous_9)","decl":{"start":{"line":228,"column":33},"end":{"line":228,"column":34}},"loc":{"start":{"line":228,"column":63},"end":{"line":241,"column":9}},"line":228},"10":{"name":"(anonymous_10)","decl":{"start":{"line":232,"column":46},"end":{"line":232,"column":47}},"loc":{"start":{"line":232,"column":53},"end":{"line":232,"column":78}},"line":232},"11":{"name":"(anonymous_11)","decl":{"start":{"line":248,"column":4},"end":{"line":248,"column":5}},"loc":{"start":{"line":248,"column":23},"end":{"line":269,"column":5}},"line":248},"12":{"name":"(anonymous_12)","decl":{"start":{"line":254,"column":42},"end":{"line":254,"column":43}},"loc":{"start":{"line":254,"column":49},"end":{"line":254,"column":78}},"line":254},"13":{"name":"(anonymous_13)","decl":{"start":{"line":259,"column":38},"end":{"line":259,"column":39}},"loc":{"start":{"line":259,"column":45},"end":{"line":261,"column":17}},"line":259},"14":{"name":"(anonymous_14)","decl":{"start":{"line":274,"column":4},"end":{"line":274,"column":5}},"loc":{"start":{"line":274,"column":25},"end":{"line":285,"column":5}},"line":274},"15":{"name":"(anonymous_15)","decl":{"start":{"line":291,"column":4},"end":{"line":291,"column":5}},"loc":{"start":{"line":291,"column":24},"end":{"line":298,"column":5}},"line":291},"16":{"name":"(anonymous_16)","decl":{"start":{"line":304,"column":4},"end":{"line":304,"column":5}},"loc":{"start":{"line":304,"column":20},"end":{"line":314,"column":5}},"line":304},"17":{"name":"(anonymous_17)","decl":{"start":{"line":321,"column":4},"end":{"line":321,"column":5}},"loc":{"start":{"line":321,"column":27},"end":{"line":323,"column":5}},"line":321},"18":{"name":"(anonymous_18)","decl":{"start":{"line":329,"column":4},"end":{"line":329,"column":5}},"loc":{"start":{"line":329,"column":23},"end":{"line":351,"column":5}},"line":329},"19":{"name":"(anonymous_19)","decl":{"start":{"line":335,"column":25},"end":{"line":335,"column":26}},"loc":{"start":{"line":335,"column":32},"end":{"line":337,"column":13}},"line":335},"20":{"name":"(anonymous_20)","decl":{"start":{"line":357,"column":4},"end":{"line":357,"column":5}},"loc":{"start":{"line":357,"column":20},"end":{"line":382,"column":5}},"line":357},"21":{"name":"(anonymous_21)","decl":{"start":{"line":388,"column":4},"end":{"line":388,"column":5}},"loc":{"start":{"line":388,"column":18},"end":{"line":406,"column":5}},"line":388},"22":{"name":"(anonymous_22)","decl":{"start":{"line":391,"column":40},"end":{"line":391,"column":41}},"loc":{"start":{"line":391,"column":47},"end":{"line":403,"column":9}},"line":391}},"branchMap":{"0":{"loc":{"start":{"line":127,"column":8},"end":{"line":131,"column":9}},"type":"if","locations":[{"start":{"line":127,"column":8},"end":{"line":131,"column":9}},{"start":{"line":129,"column":15},"end":{"line":131,"column":9}}],"line":127},"1":{"loc":{"start":{"line":127,"column":12},"end":{"line":127,"column":64}},"type":"binary-expr","locations":[{"start":{"line":127,"column":12},"end":{"line":127,"column":36}},{"start":{"line":127,"column":40},"end":{"line":127,"column":64}}],"line":127},"2":{"loc":{"start":{"line":129,"column":15},"end":{"line":131,"column":9}},"type":"if","locations":[{"start":{"line":129,"column":15},"end":{"line":131,"column":9}},{"start":{},"end":{}}],"line":129},"3":{"loc":{"start":{"line":141,"column":22},"end":{"line":141,"column":34}},"type":"default-arg","locations":[{"start":{"line":141,"column":32},"end":{"line":141,"column":34}}],"line":141},"4":{"loc":{"start":{"line":142,"column":16},"end":{"line":142,"column":30}},"type":"default-arg","locations":[{"start":{"line":142,"column":25},"end":{"line":142,"column":30}}],"line":142},"5":{"loc":{"start":{"line":142,"column":32},"end":{"line":142,"column":50}},"type":"default-arg","locations":[{"start":{"line":142,"column":41},"end":{"line":142,"column":50}}],"line":142},"6":{"loc":{"start":{"line":158,"column":8},"end":{"line":160,"column":9}},"type":"if","locations":[{"start":{"line":158,"column":8},"end":{"line":160,"column":9}},{"start":{},"end":{}}],"line":158},"7":{"loc":{"start":{"line":175,"column":8},"end":{"line":177,"column":9}},"type":"if","locations":[{"start":{"line":175,"column":8},"end":{"line":177,"column":9}},{"start":{},"end":{}}],"line":175},"8":{"loc":{"start":{"line":180,"column":8},"end":{"line":182,"column":9}},"type":"if","locations":[{"start":{"line":180,"column":8},"end":{"line":182,"column":9}},{"start":{},"end":{}}],"line":180},"9":{"loc":{"start":{"line":203,"column":25},"end":{"line":203,"column":60}},"type":"cond-expr","locations":[{"start":{"line":203,"column":47},"end":{"line":203,"column":51}},{"start":{"line":203,"column":54},"end":{"line":203,"column":60}}],"line":203},"10":{"loc":{"start":{"line":234,"column":12},"end":{"line":240,"column":13}},"type":"if","locations":[{"start":{"line":234,"column":12},"end":{"line":240,"column":13}},{"start":{},"end":{}}],"line":234},"11":{"loc":{"start":{"line":256,"column":8},"end":{"line":268,"column":9}},"type":"if","locations":[{"start":{"line":256,"column":8},"end":{"line":268,"column":9}},{"start":{},"end":{}}],"line":256},"12":{"loc":{"start":{"line":277,"column":12},"end":{"line":281,"column":13}},"type":"if","locations":[{"start":{"line":277,"column":12},"end":{"line":281,"column":13}},{"start":{},"end":{}}],"line":277},"13":{"loc":{"start":{"line":295,"column":8},"end":{"line":297,"column":9}},"type":"if","locations":[{"start":{"line":295,"column":8},"end":{"line":297,"column":9}},{"start":{},"end":{}}],"line":295},"14":{"loc":{"start":{"line":321,"column":15},"end":{"line":321,"column":25}},"type":"default-arg","locations":[{"start":{"line":321,"column":23},"end":{"line":321,"column":25}}],"line":321},"15":{"loc":{"start":{"line":329,"column":10},"end":{"line":329,"column":21}},"type":"default-arg","locations":[{"start":{"line":329,"column":17},"end":{"line":329,"column":21}}],"line":329},"16":{"loc":{"start":{"line":330,"column":8},"end":{"line":350,"column":9}},"type":"if","locations":[{"start":{"line":330,"column":8},"end":{"line":350,"column":9}},{"start":{"line":340,"column":15},"end":{"line":350,"column":9}}],"line":330},"17":{"loc":{"start":{"line":361,"column":8},"end":{"line":363,"column":9}},"type":"if","locations":[{"start":{"line":361,"column":8},"end":{"line":363,"column":9}},{"start":{},"end":{}}],"line":361},"18":{"loc":{"start":{"line":365,"column":8},"end":{"line":367,"column":9}},"type":"if","locations":[{"start":{"line":365,"column":8},"end":{"line":367,"column":9}},{"start":{},"end":{}}],"line":365},"19":{"loc":{"start":{"line":370,"column":8},"end":{"line":372,"column":9}},"type":"if","locations":[{"start":{"line":370,"column":8},"end":{"line":372,"column":9}},{"start":{},"end":{}}],"line":370},"20":{"loc":{"start":{"line":370,"column":12},"end":{"line":370,"column":54}},"type":"binary-expr","locations":[{"start":{"line":370,"column":12},"end":{"line":370,"column":35}},{"start":{"line":370,"column":39},"end":{"line":370,"column":54}}],"line":370},"21":{"loc":{"start":{"line":374,"column":8},"end":{"line":376,"column":9}},"type":"if","locations":[{"start":{"line":374,"column":8},"end":{"line":376,"column":9}},{"start":{},"end":{}}],"line":374},"22":{"loc":{"start":{"line":374,"column":12},"end":{"line":374,"column":64}},"type":"binary-expr","locations":[{"start":{"line":374,"column":12},"end":{"line":374,"column":36}},{"start":{"line":374,"column":40},"end":{"line":374,"column":64}}],"line":374},"23":{"loc":{"start":{"line":395,"column":12},"end":{"line":402,"column":13}},"type":"if","locations":[{"start":{"line":395,"column":12},"end":{"line":402,"column":13}},{"start":{"line":400,"column":19},"end":{"line":402,"column":13}}],"line":395},"24":{"loc":{"start":{"line":395,"column":16},"end":{"line":398,"column":58}},"type":"binary-expr","locations":[{"start":{"line":395,"column":16},"end":{"line":395,"column":21}},{"start":{"line":395,"column":25},"end":{"line":395,"column":50}},{"start":{"line":396,"column":17},"end":{"line":396,"column":57}},{"start":{"line":397,"column":17},"end":{"line":397,"column":55}},{"start":{"line":398,"column":17},"end":{"line":398,"column":57}}],"line":395}},"s":{"0":0,"1":0,"2":0,"3":0,"4":0,"5":0,"6":0,"7":0,"8":0,"9":0,"10":0,"11":0,"12":0,"13":0,"14":0,"15":0,"16":0,"17":0,"18":0,"19":0,"20":0,"21":0,"22":0,"23":0,"24":0,"25":0,"26":0,"27":0,"28":0,"29":0,"30":0,"31":0,"32":0,"33":0,"34":0,"35":0,"36":0,"37":0,"38":0,"39":0,"40":0,"41":0,"42":0,"43":0,"44":0,"45":0,"46":0,"47":0,"48":0,"49":0,"50":0,"51":0,"52":0,"53":0,"54":0,"55":0,"56":0,"57":0,"58":0,"59":0,"60":0,"61":0,"62":0,"63":0,"64":0,"65":0,"66":0,"67":0,"68":0,"69":0,"70":0,"71":0,"72":0,"73":0,"74":0,"75":0,"76":0,"77":0,"78":0,"79":0,"80":0,"81":0,"82":0,"83":0,"84":0,"85":0,"86":0,"87":0,"88":0,"89":0,"90":0,"91":0,"92":0,"93":0,"94":0,"95":0},"f":{"0":0,"1":0,"2":0,"3":0,"4":0,"5":0,"6":0,"7":0,"8":0,"9":0,"10":0,"11":0,"12":0,"13":0,"14":0,"15":0,"16":0,"17":0,"18":0,"19":0,"20":0,"21":0,"22":0},"b":{"0":[0,0],"1":[0,0],"2":[0,0],"3":[0],"4":[0],"5":[0],"6":[0,0],"7":[0,0],"8":[0,0],"9":[0,0],"10":[0,0],"11":[0,0],"12":[0,0],"13":[0,0],"14":[0],"15":[0],"16":[0,0],"17":[0,0],"18":[0,0],"19":[0,0],"20":[0,0],"21":[0,0],"22":[0,0],"23":[0,0],"24":[0,0,0,0,0]}}
,"/home/kcavagnolo/personal/statecraft.ai/maps/html/js/data/CandidateManager.js": {"path":"/home/kcavagnolo/personal/statecraft.ai/maps/html/js/data/CandidateManager.js","statementMap":{"0":{"start":{"line":19,"column":8},"end":{"line":19,"column":41}},"1":{"start":{"line":20,"column":8},"end":{"line":20,"column":33}},"2":{"start":{"line":23,"column":8},"end":{"line":23,"column":37}},"3":{"start":{"line":24,"column":8},"end":{"line":24,"column":34}},"4":{"start":{"line":25,"column":8},"end":{"line":25,"column":28}},"5":{"start":{"line":28,"column":8},"end":{"line":32,"column":11}},"6":{"start":{"line":34,"column":8},"end":{"line":34,"column":54}},"7":{"start":{"line":41,"column":8},"end":{"line":41,"column":76}},"8":{"start":{"line":43,"column":8},"end":{"line":46,"column":9}},"9":{"start":{"line":44,"column":12},"end":{"line":44,"column":93}},"10":{"start":{"line":45,"column":12},"end":{"line":45,"column":22}},"11":{"start":{"line":48,"column":33},"end":{"line":48,"column":67}},"12":{"start":{"line":49,"column":27},"end":{"line":49,"column":36}},"13":{"start":{"line":52,"column":8},"end":{"line":60,"column":11}},"14":{"start":{"line":53,"column":12},"end":{"line":59,"column":13}},"15":{"start":{"line":54,"column":38},"end":{"line":54,"column":67}},"16":{"start":{"line":56,"column":16},"end":{"line":58,"column":17}},"17":{"start":{"line":57,"column":20},"end":{"line":57,"column":50}},"18":{"start":{"line":62,"column":8},"end":{"line":62,"column":57}},"19":{"start":{"line":64,"column":8},"end":{"line":64,"column":122}},"20":{"start":{"line":66,"column":8},"end":{"line":69,"column":11}},"21":{"start":{"line":71,"column":8},"end":{"line":71,"column":39}},"22":{"start":{"line":78,"column":8},"end":{"line":80,"column":65}},"23":{"start":{"line":88,"column":8},"end":{"line":90,"column":9}},"24":{"start":{"line":89,"column":12},"end":{"line":89,"column":25}},"25":{"start":{"line":93,"column":8},"end":{"line":95,"column":9}},"26":{"start":{"line":94,"column":12},"end":{"line":94,"column":25}},"27":{"start":{"line":98,"column":8},"end":{"line":100,"column":9}},"28":{"start":{"line":99,"column":12},"end":{"line":99,"column":25}},"29":{"start":{"line":103,"column":8},"end":{"line":105,"column":9}},"30":{"start":{"line":104,"column":12},"end":{"line":104,"column":25}},"31":{"start":{"line":107,"column":8},"end":{"line":107,"column":20}},"32":{"start":{"line":114,"column":8},"end":{"line":114,"column":78}},"33":{"start":{"line":117,"column":8},"end":{"line":121,"column":10}},"34":{"start":{"line":124,"column":8},"end":{"line":128,"column":9}},"35":{"start":{"line":
[...]
"end":{"line":350,"column":27}},"143":{"start":{"line":352,"column":8},"end":{"line":352,"column":44}},"144":{"start":{"line":355,"column":8},"end":{"line":355,"column":78}},"145":{"start":{"line":362,"column":28},"end":{"line":362,"column":88}},"146":{"start":{"line":363,"column":8},"end":{"line":363,"column":43}},"147":{"start":{"line":364,"column":8},"end":{"line":364,"column":78}},"148":{"start":{"line":371,"column":28},"end":{"line":371,"column":88}},"149":{"start":{"line":373,"column":8},"end":{"line":385,"column":11}},"150":{"start":{"line":374,"column":29},"end":{"line":374,"column":48}},"151":{"start":{"line":375,"column":12},"end":{"line":384,"column":13}},"152":{"start":{"line":376,"column":16},"end":{"line":380,"column":17}},"153":{"start":{"line":377,"column":20},"end":{"line":377,"column":56}},"154":{"start":{"line":379,"column":20},"end":{"line":379,"column":53}},"155":{"start":{"line":383,"column":16},"end":{"line":383,"column":49}},"156":{"start":{"line":392,"column":8},"end":{"line":392,"column":58}},"157":{"start":{"line":399,"column":8},"end":{"line":402,"column":9}},"158":{"start":{"line":400,"column":12},"end":{"line":400,"column":82}},"159":{"start":{"line":401,"column":12},"end":{"line":401,"column":72}},"160":{"start":{"line":404,"column":8},"end":{"line":406,"column":9}},"161":{"start":{"line":405,"column":12},"end":{"line":405,"column":74}},"162":{"start":{"line":413,"column":8},"end":{"line":413,"column":44}},"163":{"start":{"line":414,"column":8},"end":{"line":414,"column":29}},"164":{"start":{"line":421,"column":30},"end":{"line":421,"column":53}},"165":{"start":{"line":422,"column":23},"end":{"line":422,"column":25}},"166":{"start":{"line":424,"column":8},"end":{"line":426,"column":9}},"167":{"start":{"line":425,"column":12},"end":{"line":425,"column":45}},"168":{"start":{"line":428,"column":8},"end":{"line":431,"column":10}},"169":{"start":{"line":439,"column":8},"end":{"line":439,"column":66}},"170":{"start":{"line":442,"column":8},"end":{"line":442,"column":30}},"171":{"start":{"line":443,"column":8},"end":{"line":443,"column":37}},"172":{"start":{"line":444,"column":8},"end":{"line":444,"column":29}},"173":{"start":{"line":446,"column":8},"end":{"line":446,"column":35}},"174":{"start":{"line":448,"column":8},"end":{"line":448,"column":49}}},"fnMap":{"0":{"name":"(anonymous_0)","decl":{"start":{"line":17,"column":4},"end":{"line":17,"column":5}},"loc":{"start":{"line":17,"column":40},"end":{"line":39,"column":5}},"line":17},"1":{"name":"(anonymous_1)","decl":{"start":{"line":44,"column":4},"end":{"line":44,"column":5}},"loc":{"start":{"line":44,"column":17},"end":{"line":61,"column":5}},"line":44},"2":{"name":"(anonymous_2)","decl":{"start":{"line":66,"column":4},"end":{"line":66,"column":5}},"loc":{"start":{"line":66,"column":20},"end":{"line":71,"column":5}},"line":66},"3":{"name":"(anonymous_3)","decl":{"start":{"line":76,"column":4},"end":{"line":76,"column":5}},"loc":{"start":{"line":76,"column":26},"end":{"line":95,"column":5}},"line":76},"4":{"name":"(anonymous_4)","decl":{"start":{"line":78,"column":43},"end":{"line":78,"column":44}},"loc":{"start":{"line":78,"column":53},"end":{"line":80,"column":9}},"line":78},"5":{"name":"(anonymous_5)","decl":{"start":{"line":83,"column":45},"end":{"line":83,"column":46}},"loc":{"start":{"line":83,"column":55},"end":{"line":85,"column":9}},"line":83},"6":{"name":"(anonymous_6)","decl":{"start":{"line":88,"column":43},"end":{"line":88,"column":44}},"loc":{"start":{"line":88,"column":54},"end":{"line":92,"column":9}},"line":88},"7":{"name":"(anonymous_7)","decl":{"start":{"line":100,"column":4},"end":{"line":100,"column":5}},"loc":{"start":{"line":100,"column":40},"end":{"line":115,"column":5}},"line":100},"8":{"name":"(anonymous_8)","decl":{"start":{"line":120,"column":4},"end":{"line":120,"column":5}},"loc":{"start":{"line":120,"column":47},"end":{"line":157,"column":5}},"line":120},"9":{"name":"(anonymous_9)","decl":{"start":{"line":130,"column":40},"end":{"line":130,"column":41}},"loc":{"start":{"line":130,"column":46},"end":{"line":130,"column":67}},"line":130},"10":{"name":"(anonymous_10)","decl":{"start":{"line":143,"column":35},"end":{"line":143,"column":36}},"loc":{"start":{"line":143,"column":54},"end":{"line":148,"column":9}},"line":143},"11":{"name":"(anonymous_11)","decl":{"start":{"line":162,"column":4},"end":{"line":162,"column":5}},"loc":{"start":{"line":162,"column":20},"end":{"line":169,"column":5}},"line":162},"12":{"name":"(anonymous_12)","decl":{"start":{"line":167,"column":29},"end":{"line":167,"column":30}},"loc":{"start":{"line":167,"column":35},"end":{"line":167,"column":59}},"line":167},"13":{"name":"(anonymous_13)","decl":{"start":{"line":174,"column":4},"end":{"line":174,"column":5}},"loc":{"start":{"line":174,"column":58},"end":{"line":213,"column":5}},"line":174},"14":{"name":"(anonymous_14)","decl":{"start":{"line":187,"column":25},"end":{"line":187,"column":26}},"loc":{"start":{"line":187,"column":31},"end":{"line":187,"column":62}},"line":187},"15":{"name":"(anonymous_15)","decl":{"start":{"line":196,"column":17},"end":{"line":196,"column":18}},"loc":{"start":{"line":196,"column":27},"end":{"line":199,"column":13}},"line":196},"16":{"name":"(anonymous_16)","decl":{"start":{"line":200,"column":18},"end":{"line":200,"column":19}},"loc":{"start":{"line":200,"column":28},"end":{"line":200,"column":62}},"line":200},"17":{"name":"(anonymous_17)","decl":{"start":{"line":202,"column":29},"end":{"line":202,"column":30}},"loc":{"start":{"line":202,"column":53},"end":{"line":209,"column":9}},"line":202},"18":{"name":"(anonymous_18)","decl":{"start":{"line":207,"column":29},"end":{"line":207,"column":30}},"loc":{"start":{"line":207,"column":35},"end":{"line":207,"column":58}},"line":207},"19":{"name":"(anonymous_19)","decl":{"start":{"line":218,"column":4},"end":{"line":218,"column":5}},"loc":{"start":{"line":218,"column":45},"end":{"line":225,"column":5}},"line":218},"20":{"name":"(anonymous_20)","decl":{"start":{"line":230,"column":4},"end":{"line":230,"column":5}},"loc":{"start":{"line":230,"column":34},"end":{"line":254,"column":5}},"line":230},"21":{"name":"(anonymous_21)","decl":{"start":{"line":259,"column":4},"end":{"line":259,"column":5}},"loc":{"start":{"line":259,"column":21},"end":{"line":262,"column":5}},"line":259},"22":{"name":"(anonymous_22)","decl":{"start":{"line":261,"column":55},"end":{"line":261,"column":56}},"loc":{"start":{"line":261,"column":60},"end":{"line":261,"column":75}},"line":261},"23":{"name":"(anonymous_23)","decl":{"start":{"line":267,"column":4},"end":{"line":267,"column":5}},"loc":{"start":{"line":267,"column":21},"end":{"line":273,"column":5}},"line":267},"24":{"name":"(anonymous_24)","decl":{"start":{"line":278,"column":4},"end":{"line":278,"column":5}},"loc":{"start":{"line":278,"column":19},"end":{"line":287,"column":5}},"line":278},"25":{"name":"(anonymous_25)","decl":{"start":{"line":292,"column":4},"end":{"line":292,"column":5}},"loc":{"start":{"line":292,"column":20},"end":{"line":298,"column":5}},"line":292},"26":{"name":"(anonymous_26)","decl":{"start":{"line":303,"column":4},"end":{"line":303,"column":5}},"loc":{"start":{"line":303,"column":28},"end":{"line":318,"column":5}},"line":303},"27":{"name":"(anonymous_27)","decl":{"start":{"line":323,"column":4},"end":{"line":323,"column":5}},"loc":{"start":{"line":323,"column":44},"end":{"line":343,"column":5}},"line":323},"28":{"name":"(anonymous_28)","decl":{"start":{"line":336,"column":59},"end":{"line":336,"column":60}},"loc":{"start":{"line":336,"column":69},"end":{"line":342,"column":9}},"line":336},"29":{"name":"(anonymous_29)","decl":{"start":{"line":348,"column":4},"end":{"line":348,"column":5}},"loc":{"start":{"line":348,"column":31},"end":{"line":356,"column":5}},"line":348},"30":{"name":"(anonymous_30)","decl":{"start":{"line":361,"column":4},"end":{"line":361,"column":5}},"loc":{"start":{"line":361,"column":41},"end":{"line":365,"column":5}},"line":361},"31":{"name":"(anonymous_31)","decl":{"start":{"line":370,"column":4},"end":{"line":370,"column":5}},"loc":{"start":{"line":370,"column":25},"end":{"line":386,"column":5}},"line":370},"32":{"name":"(anonymous_32)","decl":{"start":{"line":373,"column":58},"end":{"line":373,"column":59}},"loc":{"start":{"line":373,"column":67},"end":{"line":385,"column":9}},"line":373},"33":{"name":"(anonymous_33)","decl":{"start":{"line":391,"column":4},"end":{"line":391,"column":5}},"loc":{"start":{"line":391,"column":23},"end":{"line":393,"column":5}},"line":391},"34":{"name":"(anonymous_34)","decl":{"start":{"line":398,"column":4},"end":{"line":398,"column":5}},"loc":{"start":{"line":398,"column":24},"end":{"line":407,"column":5}},"line":398},"35":{"name":"(anonymous_35)","decl":{"start":{"line":412,"column":4},"end":{"line":412,"column":5}},"loc":{"start":{"line":412,"column":12},"end":{"line":415,"column":5}},"line":412},"36":{"name":"(anonymous_36)","decl":{"start":{"line":420,"column":4},"end":{"line":420,"column":5}},"loc":{"start":{"line":420,"column":15},"end":{"line":432,"column":5}},"line":420},"37":{"name":"(anonymous_37)","decl":{"start":{"line":437,"column":4},"end":{"line":437,"column":5}},"loc":{"start":{"line":437,"column":14},"end":{"line":449,"column":5}},"line":437}},"branchMap":{"0":{"loc":{"start":{"line":45,"column":8},"end":{"line":48,"column":9}},"type":"if","locations":[{"start":{"line":45,"column":8},"end":{"line":48,"column":9}},{"start":{},"end":{}}],"line":45},"1":{"loc":{"start":{"line":68,"column":8},"end":{"line":70,"column":9}},"type":"if","locations":[{"start":{"line":68,"column":8},"end":{"line":70,"column":9}},{"start":{},"end":{}}],"line":68},"2":{"loc":{"start":{"line":89,"column":12},"end":{"line":91,"column":13}},"type":"if","locations":[{"start":{"line":89,"column":12},"end":{"line":91,"column":13}},{"start":{},"end":{}}],"line":89},"3":{"loc":{"start":{"line":100,"column":18},"end":{"line":100,"column":38}},"type":"default-arg","locations":[{"start":{"line":100,"column":34},"end":{"line":100,"column":38}}],"line":100},"4":{"loc":{"start":{"line":101,"column":8},"end":{"line":104,"column":9}},"type":"if","locations":[{"start":{"line":101,"column":8},"end":{"line":104,"column":9}},{"start":{},"end":{}}],"line":101},"5":{"loc":{"start":{"line":106,"column":8},"end":{"line":109,"column":9}},"type":"if","locations":[{"start":{"line":106,"column":8},"end":{"line":109,"column":9}},{"start":{},"end":{}}],"line":106},"6":{"loc":{"start":{"line":106,"column":12},"end":{"line":106,"column":62}},"type":"binary-expr","locations":[{"start":{"line":106,"column":12},"end":{"line":106,"column":26}},{"start":{"line":106,"column":30},"end":{"line":106,"column":62}}],"line":106},"7":{"loc":{"start":{"line":145,"column":12},"end":{"line":147,"column":13}},"type":"if","locations":[{"start":{"line":145,"column":12},"end":{"line":147,"column":13}},{"start":{},"end":{}}],"line":145},"8":{"loc":{"start":{"line":145,"column":16},"end":{"line":145,"column":59}},"type":"binary-expr","locations":[{"start":{"line":145,"column":16},"end":{"line":145,"column":30}},{"start":{"line":145,"column":34},"end":{"line":145,"column":59}}],"line":145},"9":{"loc":{"start":{"line":151,"column":30},"end":{"line":151,"column":58}},"type":"binary-expr","locations":[{"start":{"line":151,"column":30},"end":{"line":151,"column":52}},{"start":{"line":151,"column":56},"end":{"line":151,"column":58}}],"line":151},"10":{"loc":{"start":{"line":152,"column":8},"end":{"line":154,"column":9}},"type":"if","locations":[{"start":{"line":152,"column":8},"end":{"line":154,"column":9}},{"start":{},"end":{}}],"line":152},"11":{"loc":{"start":{"line":219,"column":8},"end":{"line":221,"column":9}},"type":"if","locations":[{"start":{"line":219,"column":8},"end":{"line":221,"column":9}},{"start":{},"end":{}}],"line":219},"12":{"loc":{"start":{"line":219,"column":12},"end":{"line":219,"column":83}},"type":"binary-expr","locations":[{"start":{"line":219,"column":12},"end":{"line":219,"column":21}},{"start":{"line":219,"column":25},"end":{"line":219,"column":47}},{"start":{"line":219,"column":51},"end":{"line":219,"column":83}}],"line":219},"13":{"loc":{"start":{"line":232,"column":8},"end":{"line":235,"column":9}},"type":"if","locations":[{"start":{"line":232,"column":8},"end":{"line":235,"column":9}},{"start":{},"end":{}}],"line":232},"14":{"loc":{"start":{"line":232,"column":12},"end":{"line":232,"column":71}},"type":"binary-expr","locations":[{"start":{"line":232,"column":12},"end":{"line":232,"column":41}},{"start":{"line":232,"column":45},"end":{"line":232,"column":71}}],"line":232},"15":{"loc":{"start":{"line":237,"column":8},"end":{"line":240,"column":9}},"type":"if","locations":[{"start":{"line":237,"column":8},"end":{"line":240,"column":9}},{"start":{},"end":{}}],"line":237},"16":{"loc":{"start":{"line":237,"column":12},"end":{"line":237,"column":94}},"type":"binary-expr","locations":[{"start":{"line":237,"column":12},"end":{"line":237,"column":44}},{"start":{"line":237,"column":48},"end":{"line":237,"column":94}}],"line":237},"17":{"loc":{"start":{"line":242,"column":8},"end":{"line":245,"column":9}},"type":"if","locations":[{"start":{"line":242,"column":8},"end":{"line":245,"column":9}},{"start":{},"end":{}}],"line":242},"18":{"loc":{"start":{"line":247,"column":8},"end":{"line":250,"column":9}},"type":"if","locations":[{"start":{"line":247,"column":8},"end":{"line":250,"column":9}},{"start":{},"end":{}}],"line":247},"19":{"loc":{"start":{"line":260,"column":8},"end":{"line":260,"column":28}},"type":"if","locations":[{"start":{"line":260,"column":8},"end":{"line":260,"column":28}},{"start":{},"end":{}}],"line":260},"20":{"loc":{"start":{"line":268,"column":8},"end":{"line":272,"column":9}},"type":"if","locations":[{"start":{"line":268,"column":8},"end":{"line":272,"column":9}},{"start":{"line":270,"column":15},"end":{"line":272,"column":9}}],"line":268},"21":{"loc":{"start":{"line":279,"column":8},"end":{"line":279,"column":35}},"type":"if","locations":[{"start":{"line":279,"column":8},"end":{"line":279,"column":35}},{"start":{},"end":{}}],"line":279},"22":{"loc":{"start":{"line":293,"column":8},"end":{"line":293,"column":35}},"type":"if","locations":[{"start":{"line":293,"column":8},"end":{"line":293,"column":35}},{"start":{},"end":{}}],"line":293},"23":{"loc":{"start":{"line":323,"column":27},"end":{"line":323,"column":42}},"type":"default-arg","locations":[{"start":{"line":323,"column":38},"end":{"line":323,"column":42}}],"line":323},"24":{"loc":{"start":{"line":324,"column":8},"end":{"line":326,"column":9}},"type":"if","locations":[{"start":{"line":324,"column":8},"end":{"line":326,"column":9}},{"start":{},"end":{}}],"line":324},"25":{"loc":{"start":{"line":325,"column":23},"end":{"line":325,"column":85}},"type":"binary-expr","locations":[{"start":{"line":325,"column":23},"end":{"line":325,"column":65}},{"start":{"line":325,"column":69},"end":{"line":325,"column":85}}],"line":325},"26":{"loc":{"start":{"line":329,"column":8},"end":{"line":333,"column":9}},"type":"if","locations":[{"start":{"line":329,"column":8},"end":{"line":333,"column":9}},{"start":{},"end":{}}],"line":329},"27":{"loc":{"start":{"line":337,"column":12},"end":{"line":341,"column":13}},"type":"if","locations":[{"start":{"line":337,"column":12},"end":{"line":341,"column":13}},{"start":{"line":339,"column":19},"end":{"line":341,"column":13}}],"line":337},"28":{"loc":{"start":{"line":350,"column":8},"end":{"line":350,"column":27}},"type":"if","locations":[{"start":{"line":350,"column":8},"end":{"line":350,"column":27}},{"start":{},"end":{}}],"line":350},"29":{"loc":{"start":{"line":362,"column":39},"end":{"line":362,"column":87}},"type":"binary-expr","locations":[{"start":{"line":362,"column":39},"end":{"line":362,"column":79}},{"start":{"line":362,"column":83},"end":{"line":362,"column":87}}],"line":362},"30":{"loc":{"start":{"line":371,"column":39},"end":{"line":371,"column":87}},"type":"binary-expr","locations":[{"start":{"line":371,"column":39},"end":{"line":371,"column":79}},{"start":{"line":371,"column":83},"end":{"line":371,"column":87}}],"line":371},"31":{"loc":{"start":{"line":375,"column":12},"end":{"line":384,"column":13}},"type":"if","locations":[{"start":{"line":375,"column":12},"end":{"line":384,"column":13}},{"start":{"line":381,"column":19},"end":{"line":384,"column":13}}],"line":375},"32":{"loc":{"start":{"line":376,"column":16},"end":{"line":380,"column":17}},"type":"if","locations":[{"start":{"line":376,"column":16},"end":{"line":380,"column":17}},{"start":{"line":378,"column":23},"end":{"line":380,"column":17}}],"line":376},"33":{"loc":{"start":{"line":399,"column":8},"end":{"line":402,"column":9}},"type":"if","locations":[{"start":{"line":399,"column":8},"end":{"line":402,"column":9}},{"start":{},"end":{}}],"line":399},"34":{"loc":{"start":{"line":400,"column":56},"end":{"line":400,"column":81}},"type":"cond-expr","locations":[{"start":{"line":400,"column":66},"end":{"line":400,"column":72}},{"start":{"line":400,"column":75},"end":{"line":400,"column":81}}],"line":400},"35":{"loc":{"start":{"line":401,"column":50},"end":{"line":401,"column":71}},"type":"cond-expr","locations":[{"start":{"line":401,"column":60},"end":{"line":401,"column":63}},{"start":{"line":401,"column":66},"end":{"line":401,"column":71}}],"line":401},"36":{"loc":{"start":{"line":404,"column":8},"end":{"line":406,"column":9}},"type":"if","locations":[{"start":{"line":404,"column":8},"end":{"line":406,"column":9}},{"start":{},"end":{}}],"line":404},"37":{"loc":{"start":{"line":405,"column":48},"end":{"line":405,"column":73}},"type":"cond-expr","locations":[{"start":{"line":405,"column":58},"end":{"line":405,"column":64}},{"start":{"line":405,"column":67},"end":{"line":405,"column":73}}],"line":405},"38":{"loc":{"start":{"line":424,"column":8},"end":{"line":426,"column":9}},"type":"if","locations":[{"start":{"line":424,"column":8},"end":{"line":426,"column":9}},{"start":{},"end":{}}],"line":424}},"s":{"0":0,"1":0,"2":0,"3":0,"4":0,"5":0,"6":0,"7":0,"8":0,"9":0,"10":0,"11":0,"12":0,"13":0,"14":0,"15":0,"16":0,"17":0,"18":0,"19":0,"20":0,"21":0,"22":0,"23":0,"24":0,"25":0,"26":0,"27":0,"28":0,"29":0,"30":0,"31":0,"32":0,"33":0,"34":0,"35":0,"36":0,"37":0,"38":0,"39":0,"40":0,"41":0,"42":0,"43":0,"44":0,"45":0,"46":0,"47":0,"48":0,"49":0,"50":0,"51":0,"52":0,"53":0,"54":0,"55":0,"56":0,"57":0,"58":0,"59":0,"60":0,"61":0,"62":0,"63":0,"64":0,"65":0,"66":0,"67":0,"68":0,"69":0,"70":0,"71":0,"72":0,"73":0,"74":0,"75":0,"76":0,"77":0,"78":0,"79":0,"80":0,"81":0,"82":0,"83":0,"84":0,"85":0,"86":0,"87":0,"88":0,"89":0,"90":0,"91":0,"92":0,"93":0,"94":0,"95":0,"96":0,"97":0,"98":0,"99":0,"100":0,"101":0,"102":0,"103":0,"104":0,"105":0,"106":0,"107":0,"108":0,"109":0,"110":0,"111":0,"112":0,"113":0,"114":0,"115":0,"116":0,"117":0,"118":0,"119":0,"120":0,"121":0,"122":0,"123":0,"124":0,"125":0,"126":0,"127":0,"128":0,"129":0,"130":0,"131":0,"132":0,"133":0,"134":0,"135":0,"136":0,"137":0,"138":0,"139":0,"140":0,"141":0,"142":0,"143":0,"144":0,"145":0,"146":0,"147":0,"148":0,"149":0,"150":0,"151":0,"152":0,"153":0,"154":0,"155":0,"156":0,"157":0,"158":0,"159":0,"160":0,"161":0,"162":0,"163":0,"164":0,"165":0,"166":0,"167":0,"168":0,"169":0,"170":0,"171":0,"172":0,"173":0,"174":0},"f":{"0":0,"1":0,"2":0,"3":0,"4":0,"5":0,"6":0,"7":0,"8":0,"9":0,"10":0,"11":0,"12":0,"13":0,"14":0,"15":0,"16":0,"17":0,"18":0,"19":0,"20":0,"21":0,"22":0,"23":0,"24":0,"25":0,"26":0,"27":0,"28":0,"29":0,"30":0,"31":0,"32":0,"33":0,"34":0,"35":0,"36":0,"37":0},"b":{"0":[0,0],"1":[0,0],"2":[0,0],"3":[0],"4":[0,0],"5":[0,0],"6":[0,0],"7":[0,0],"8":[0,0],"9":[0,0],"10":[0,0],"11":[0,0],"12":[0,0,0],"13":[0,0],"14":[0,0],"15":[0,0],"16":[0,0],"17":[0,0],"18":[0,0],"19":[0,0],"20":[0,0],"21":[0,0],"22":[0,0],"23":[0],"24":[0,0],"25":[0,0],"26":[0,0],"27":[0,0],"28":[0,0],"29":[0,0],"30":[0,0],"31":[0,0],"32":[0,0],"33":[0,0],"34":[0,0],"35":[0,0],"36":[0,0],"37":[0,0],"38":[0,0]}}
}
