TN:
SF:html/js/app.js
FN:26,(anonymous_0)
FN:55,(anonymous_1)
FN:107,(anonymous_2)
FN:132,(anonymous_3)
FN:138,(anonymous_4)
FN:142,(anonymous_5)
FN:147,(anonymous_6)
FN:153,(anonymous_7)
FN:159,(anonymous_8)
FN:165,(anonymous_9)
FN:169,(anonymous_10)
FN:189,(anonymous_11)
FN:222,(anonymous_12)
FN:238,(anonymous_13)
FN:262,(anonymous_14)
FN:284,(anonymous_15)
FN:298,(anonymous_16)
FN:308,(anonymous_17)
FN:323,(anonymous_18)
FN:331,(anonymous_19)
FN:352,(anonymous_20)
FN:366,(anonymous_21)
FN:375,(anonymous_22)
FN:382,(anonymous_23)
FN:412,initializeElectionMap
FNF:25
FNH:0
FNDA:0,(anonymous_0)
FNDA:0,(anonymous_1)
FNDA:0,(anonymous_2)
FNDA:0,(anonymous_3)
FNDA:0,(anonymous_4)
FNDA:0,(anonymous_5)
FNDA:0,(anonymous_6)
FNDA:0,(anonymous_7)
FNDA:0,(anonymous_8)
FNDA:0,(anonymous_9)
FNDA:0,(anonymous_10)
FNDA:0,(anonymous_11)
FNDA:0,(anonymous_12)
FNDA:0,(anonymous_13)
FNDA:0,(anonymous_14)
FNDA:0,(anonymous_15)
FNDA:0,(anonymous_16)
FNDA:0,(anonymous_17)
FNDA:0,(anonymous_18)
FNDA:0,(anonymous_19)
FNDA:0,(anonymous_20)
FNDA:0,(anonymous_21)
FNDA:0,(anonymous_22)
FNDA:0,(anonymous_23)
FNDA:0,initializeElectionMap
DA:28,0
DA:29,0
DA:30,0
DA:33,0
DA:42,0
DA:43,0
DA:46,0
DA:47,0
DA:49,0
DA:56,0
DA:57,0
DA:58,0
DA:61,0
DA:64,0
DA:67,0
DA:70,0
DA:79,0
DA:82,0
DA:85,0
DA:88,0
DA:89,0
DA:92,0
DA:99,0
DA:100,0
DA:108,0
DA:110,0
DA:114,0
DA:115,0
DA:116,0
DA:122,0
DA:125,0
DA:126,0
DA:133,0
DA:135,0
DA:138,0
DA:139,0
DA:142,0
DA:143,0
DA:147,0
DA:148,0
DA:153,0
DA:154,0
DA:155,0
DA:159,0
DA:160,0
DA:165,0
DA:166,0
DA:169,0
DA:171,0
DA:172,0
DA:173,0
DA:182,0
DA:183,0
DA:190,0
DA:192,0
DA:194,0
DA:195,0
DA:196,0
DA:197,0
DA:201,0
DA:208,0
DA:210,0
DA:211,0
DA:214,0
DA:215,0
DA:223,0
DA:229,0
DA:239,0
DA:241,0
DA:243,0
DA:244,0
DA:247,0
DA:248,0
DA:251,0
DA:252,0
DA:255,0
DA:256,0
DA:257,0
DA:258,0
DA:260,0
DA:262,0
DA:263,0
DA:269,0
DA:270,0
DA:271,0
DA:277,0
DA:285,0
DA:286,0
DA:287,0
DA:288,0
DA:289,0
DA:290,0
DA:299,0
DA:300,0
DA:301,0
DA:309,0
DA:312,0
DA:315,0
DA:324,0
DA:332,0
DA:335,0
DA:338,0
DA:341,0
DA:353,0
DA:354,0
DA:355,0
DA:356,0
DA:359,0
DA:367,0
DA:375,0
DA:383,0
DA:385,0
DA:387,0
DA:388,0
DA:392,0
DA:393,0
DA:397,0
DA:398,0
DA:401,0
DA:404,0
DA:413,0
DA:415,0
DA:416,0
DA:419,0
DA:421,0
DA:422,0
DA:424,0
DA:427,0
DA:430,0
DA:445,0
DA:447,0
DA:452,0
DA:453,0
DA:456,0
LF:134
LH:0
BRDA:114,0,0,0
BRDA:114,0,1,0
BRDA:171,1,0,0
BRDA:171,1,1,0
BRDA:196,2,0,0
BRDA:196,2,1,0
BRDA:247,3,0,0
BRDA:247,3,1,0
BRDA:251,4,0,0
BRDA:251,4,1,0
BRDA:255,5,0,0
BRDA:255,5,1,0
BRDA:255,6,0,0
BRDA:255,6,1,0
BRDA:255,6,2,0
BRDA:260,7,0,0
BRDA:260,7,1,0
BRDA:260,8,0,0
BRDA:260,8,1,0
BRDA:260,8,2,0
BRDA:269,9,0,0
BRDA:269,9,1,0
BRDA:284,10,0,0
BRDA:286,11,0,0
BRDA:286,11,1,0
BRDA:289,12,0,0
BRDA:289,12,1,0
BRDA:300,13,0,0
BRDA:300,13,1,0
BRDA:354,14,0,0
BRDA:354,14,1,0
BRDA:387,15,0,0
BRDA:387,15,1,0
BRDA:392,16,0,0
BRDA:392,16,1,0
BRDA:397,17,0,0
BRDA:397,17,1,0
BRDA:452,18,0,0
BRDA:452,18,1,0
BRF:39
BRH:0
end_of_record
TN:
SF:html/js/config/constants.js
FNF:0
FNH:0
DA:11,0
DA:42,0
DA:80,0
DA:137,0
DA:153,0
DA:187,0
DA:251,0
DA:277,0
DA:304,0
DA:333,0
DA:360,0
DA:374,0
LF:12
LH:0
BRF:0
BRH:0
end_of_record
TN:
SF:html/js/core/EventBus.js
FN:16,(anonymous_0)
FN:40,(anonymous_1)
FN:56,(anonymous_2)
FN:69,(anonymous_3)
FN:78,(anonymous_4)
FN:87,(anonymous_5)
FN:93,(anonymous_6)
FN:116,(anonymous_7)
FN:145,(anonymous_8)
FN:146,(anonymous_9)
FN:176,(anonymous_10)
FN:186,(anonymous_11)
FN:194,(anonymous_12)
FN:205,(anonymous_13)
FN:227,(anonymous_14)
FN:228,(anonymous_15)
FN:231,(anonymous_16)
FN:237,(anonymous_17)
FN:250,(anonymous_18)
FN:258,(anonymous_19)
FN:266,(anonymous_20)
FN:280,(anonymous_21)
FN:287,(anonymous_22)
FN:298,(anonymous_23)
FN:307,(anonymous_24)
FN:309,(anonymous_25)
FN:316,(anonymous_26)
FNF:27
FNH:0
FNDA:0,(anonymous_0)
FNDA:0,(anonymous_1)
FNDA:0,(anonymous_2)
FNDA:0,(anonymous_3)
FNDA:0,(anonymous_4)
FNDA:0,(anonymous_5)
FNDA:0,(anonymous_6)
FNDA:0,(anonymous_7)
FNDA:0,(anonymous_8)
FNDA:0,(anonymous_9)
FNDA:0,(anonymous_10)
FNDA:0,(anonymous_11)
FNDA:0,(anonymous_12)
FNDA:0,(anonymous_13)
FNDA:0,(anonymous_14)
FNDA:0,(anonymous_15)
FNDA:0,(anonymous_16)
FNDA:0,(anonymous_17)
FNDA:0,(anonymous_18)
FNDA:0,(anonymous_19)
FNDA:0,(anonymous_20)
FNDA:0,(anonymous_21)
FNDA:0,(anonymous_22)
FNDA:0,(anonymous_23)
FNDA:0,(anonymous_24)
FNDA:0,(anonymous_25)
FNDA:0,(anonymous_26)
DA:18,0
DA:21,0
DA:22,0
DA:25,0
DA:28,0
DA:30,0
DA:41,0
DA:43,0
DA:44,0
DA:47,0
DA:55,0
DA:56,0
DA:58,0
DA:59,0
DA:61,0
DA:64,0
DA:65,0
DA:69,0
DA:79,0
DA:88,0
DA:89,0
DA:92,0
DA:93,0
DA:95,0
DA:96,0
DA:98,0
DA:99,0
DA:103,0
DA:104,0
DA:117,0
DA:120,0
DA:127,0
DA:128,0
DA:132,0
DA:134,0
DA:135,0
DA:136,0
DA:138,0
DA:141,0
DA:142,0
DA:145,0
DA:146,0
DA:149,0
DA:150,0
DA:153,0
DA:154,0
DA:156,0
DA:159,0
DA:162,0
DA:163,0
DA:167,0
DA:177,0
DA:187,0
DA:195,0
DA:196,0
DA:206,0
DA:208,0
DA:209,0
DA:210,0
DA:214,0
DA:218,0
DA:228,0
DA:229,0
DA:231,0
DA:232,0
DA:233,0
DA:236,0
DA:237,0
DA:238,0
DA:239,0
DA:251,0
DA:259,0
DA:267,0
DA:270,0
DA:271,0
DA:281,0
DA:288,0
DA:289,0
DA:290,0
DA:291,0
DA:299,0
DA:300,0
DA:308,0
DA:309,0
DA:310,0
DA:313,0
DA:316,0
DA:329,0
DA:382,0
LF:89
LH:0
BRDA:40,0,0,0
BRDA:41,1,0,0
BRDA:41,2,0,0
BRDA:43,3,0,0
BRDA:43,3,1,0
BRDA:58,4,0,0
BRDA:58,4,1,0
BRDA:64,5,0,0
BRDA:64,5,1,0
BRDA:88,6,0,0
BRDA:88,6,1,0
BRDA:95,7,0,0
BRDA:95,7,1,0
BRDA:98,8,0,0
BRDA:98,8,1,0
BRDA:103,9,0,0
BRDA:103,9,1,0
BRDA:116,10,0,0
BRDA:116,11,0,0
BRDA:117,12,0,0
BRDA:117,13,0,0
BRDA:127,14,0,0
BRDA:127,14,1,0
BRDA:134,15,0,0
BRDA:134,15,1,0
BRDA:135,16,0,0
BRDA:135,16,1,0
BRDA:153,17,0,0
BRDA:153,17,1,0
BRDA:176,18,0,0
BRDA:186,19,0,0
BRDA:227,20,0,0
BRDA:232,21,0,0
BRDA:232,21,1,0
BRDA:236,22,0,0
BRDA:236,22,1,0
BRDA:251,23,0,0
BRDA:251,23,1,0
BRDA:270,24,0,0
BRDA:270,24,1,0
BRDA:280,25,0,0
BRDA:300,26,0,0
BRDA:300,26,1,0
BRF:43
BRH:0
end_of_record
TN:
SF:html/js/core/MapManager.js
FN:18,(anonymous_0)
FN:59,(anonymous_1)
FN:118,(anonymous_2)
FN:152,(anonymous_3)
FN:186,(anonymous_4)
FN:190,(anonymous_5)
FN:197,(anonymous_6)
FN:207,(anonymous_7)
FN:218,(anonymous_8)
FN:227,(anonymous_9)
FN:242,(anonymous_10)
FN:244,(anonymous_11)
FN:258,(anonymous_12)
FN:275,(anonymous_13)
FN:308,(anonymous_14)
FN:362,(anonymous_15)
FN:397,(anonymous_16)
FN:406,(anonymous_17)
FN:415,(anonymous_18)
FN:434,(anonymous_19)
FN:447,(anonymous_20)
FN:485,(anonymous_21)
FN:497,(anonymous_22)
FN:501,(anonymous_23)
FNF:24
FNH:0
FNDA:0,(anonymous_0)
FNDA:0,(anonymous_1)
FNDA:0,(anonymous_2)
FNDA:0,(anonymous_3)
FNDA:0,(anonymous_4)
FNDA:0,(anonymous_5)
FNDA:0,(anonymous_6)
FNDA:0,(anonymous_7)
FNDA:0,(anonymous_8)
FNDA:0,(anonymous_9)
FNDA:0,(anonymous_10)
FNDA:0,(anonymous_11)
FNDA:0,(anonymous_12)
FNDA:0,(anonymous_13)
FNDA:0,(anonymous_14)
FNDA:0,(anonymous_15)
FNDA:0,(anonymous_16)
FNDA:0,(anonymous_17)
FNDA:0,(anonymous_18)
FNDA:0,(anonymous_19)
FNDA:0,(anonymous_20)
FNDA:0,(anonymous_21)
FNDA:0,(anonymous_22)
FNDA:0,(anonymous_23)
DA:19,0
DA:20,0
DA:23,0
DA:24,0
DA:25,0
DA:28,0
DA:29,0
DA:32,0
DA:44,0
DA:50,0
DA:60,0
DA:62,0
DA:63,0
DA:66,0
DA:69,0
DA:72,0
DA:75,0
DA:78,0
DA:81,0
DA:84,0
DA:87,0
DA:89,0
DA:92,0
DA:98,0
DA:101,0
DA:102,0
DA:108,0
DA:119,0
DA:121,0
DA:136,0
DA:139,0
DA:153,0
DA:177,0
DA:178,0
DA:180,0
DA:187,0
DA:190,0
DA:191,0
DA:197,0
DA:198,0
DA:199,0
DA:203,0
DA:207,0
DA:208,0
DA:209,0
DA:211,0
DA:218,0
DA:219,0
DA:227,0
DA:228,0
DA:229,0
DA:236,0
DA:244,0
DA:245,0
DA:246,0
DA:247,0
DA:248,0
DA:252,0
DA:259,0
DA:261,0
DA:268,0
DA:276,0
DA:277,0
DA:278,0
DA:282,0
DA:283,0
DA:287,0
DA:288,0
DA:291,0
DA:294,0
DA:299,0
DA:309,0
DA:310,0
DA:311,0
DA:314,0
DA:316,0
DA:318,0
DA:321,0
DA:324,0
DA:331,0
DA:332,0
DA:335,0
DA:336,0
DA:340,0
DA:346,0
DA:349,0
DA:350,0
DA:363,0
DA:365,0
DA:366,0
DA:367,0
DA:368,0
DA:371,0
DA:374,0
DA:375,0
DA:379,0
DA:384,0
DA:387,0
DA:398,0
DA:399,0
DA:407,0
DA:416,0
DA:418,0
DA:423,0
DA:425,0
DA:435,0
DA:437,0
DA:439,0
DA:448,0
DA:449,0
DA:452,0
DA:455,0
DA:460,0
DA:462,0
DA:464,0
DA:469,0
DA:472,0
DA:473,0
DA:477,0
DA:486,0
DA:498,0
DA:499,0
DA:501,0
DA:502,0
DA:506,0
DA:507,0
DA:510,0
DA:516,0
DA:518,0
DA:521,0
LF:130
LH:0
BRDA:59,0,0,0
BRDA:177,1,0,0
BRDA:177,1,1,0
BRDA:187,2,0,0
BRDA:187,2,1,0
BRDA:245,3,0,0
BRDA:245,3,1,0
BRDA:245,4,0,0
BRDA:245,4,1,0
BRDA:259,5,0,0
BRDA:259,5,1,0
BRDA:276,6,0,0
BRDA:276,6,1,0
BRDA:276,7,0,0
BRDA:276,7,1,0
BRDA:282,8,0,0
BRDA:282,8,1,0
BRDA:282,9,0,0
BRDA:282,9,1,0
BRDA:308,10,0,0
BRDA:309,11,0,0
BRDA:309,11,1,0
BRDA:335,12,0,0
BRDA:335,12,1,0
BRDA:365,13,0,0
BRDA:365,13,1,0
BRDA:365,14,0,0
BRDA:365,14,1,0
BRDA:374,15,0,0
BRDA:374,15,1,0
BRDA:399,16,0,0
BRDA:399,16,1,0
BRDA:415,17,0,0
BRDA:416,18,0,0
BRDA:416,18,1,0
BRDA:434,19,0,0
BRDA:435,20,0,0
BRDA:435,20,1,0
BRDA:489,21,0,0
BRDA:489,21,1,0
BRDA:498,22,0,0
BRDA:498,22,1,0
BRF:42
BRH:0
end_of_record
TN:
SF:html/js/core/StateManager.js
FN:16,(anonymous_0)
FN:123,(anonymous_1)
FN:141,(anonymous_2)
FN:174,(anonymous_3)
FN:192,(anonymous_4)
FN:193,(anonymous_5)
FN:202,(anonymous_6)
FN:214,(anonymous_7)
FN:225,(anonymous_8)
FN:228,(anonymous_9)
FN:232,(anonymous_10)
FN:248,(anonymous_11)
FN:254,(anonymous_12)
FN:259,(anonymous_13)
FN:274,(anonymous_14)
FN:291,(anonymous_15)
FN:304,(anonymous_16)
FN:321,(anonymous_17)
FN:329,(anonymous_18)
FN:335,(anonymous_19)
FN:357,(anonymous_20)
FN:388,(anonymous_21)
FN:391,(anonymous_22)
FNF:23
FNH:0
FNDA:0,(anonymous_0)
FNDA:0,(anonymous_1)
FNDA:0,(anonymous_2)
FNDA:0,(anonymous_3)
FNDA:0,(anonymous_4)
FNDA:0,(anonymous_5)
FNDA:0,(anonymous_6)
FNDA:0,(anonymous_7)
FNDA:0,(anonymous_8)
FNDA:0,(anonymous_9)
FNDA:0,(anonymous_10)
FNDA:0,(anonymous_11)
FNDA:0,(anonymous_12)
FNDA:0,(anonymous_13)
FNDA:0,(anonymous_14)
FNDA:0,(anonymous_15)
FNDA:0,(anonymous_16)
FNDA:0,(anonymous_17)
FNDA:0,(anonymous_18)
FNDA:0,(anonymous_19)
FNDA:0,(anonymous_20)
FNDA:0,(anonymous_21)
FNDA:0,(anonymous_22)
DA:18,0
DA:105,0
DA:108,0
DA:109,0
DA:112,0
DA:115,0
DA:117,0
DA:125,0
DA:127,0
DA:128,0
DA:129,0
DA:130,0
DA:133,0
DA:142,0
DA:145,0
DA:148,0
DA:151,0
DA:158,0
DA:159,0
DA:163,0
DA:166,0
DA:175,0
DA:176,0
DA:180,0
DA:181,0
DA:184,0
DA:193,0
DA:203,0
DA:204,0
DA:206,0
DA:211,0
DA:214,0
DA:215,0
DA:216,0
DA:226,0
DA:228,0
DA:229,0
DA:232,0
DA:234,0
DA:235,0
DA:236,0
DA:238,0
DA:249,0
DA:254,0
DA:256,0
DA:257,0
DA:258,0
DA:259,0
DA:260,0
DA:263,0
DA:264,0
DA:266,0
DA:275,0
DA:276,0
DA:277,0
DA:278,0
DA:279,0
DA:280,0
DA:283,0
DA:292,0
DA:295,0
DA:296,0
DA:305,0
DA:322,0
DA:330,0
DA:332,0
DA:333,0
DA:335,0
DA:336,0
DA:339,0
DA:342,0
DA:343,0
DA:344,0
DA:347,0
DA:349,0
DA:358,0
DA:361,0
DA:362,0
DA:365,0
DA:366,0
DA:370,0
DA:371,0
DA:374,0
DA:375,0
DA:378,0
DA:389,0
DA:391,0
DA:392,0
DA:395,0
DA:399,0
DA:401,0
DA:405,0
DA:410,0
LF:93
LH:0
BRDA:127,0,0,0
BRDA:127,0,1,0
BRDA:127,1,0,0
BRDA:127,1,1,0
BRDA:129,2,0,0
BRDA:129,2,1,0
BRDA:141,3,0,0
BRDA:142,4,0,0
BRDA:142,5,0,0
BRDA:158,6,0,0
BRDA:158,6,1,0
BRDA:175,7,0,0
BRDA:175,7,1,0
BRDA:180,8,0,0
BRDA:180,8,1,0
BRDA:203,9,0,0
BRDA:203,9,1,0
BRDA:234,10,0,0
BRDA:234,10,1,0
BRDA:256,11,0,0
BRDA:256,11,1,0
BRDA:277,12,0,0
BRDA:277,12,1,0
BRDA:295,13,0,0
BRDA:295,13,1,0
BRDA:321,14,0,0
BRDA:329,15,0,0
BRDA:330,16,0,0
BRDA:330,16,1,0
BRDA:361,17,0,0
BRDA:361,17,1,0
BRDA:365,18,0,0
BRDA:365,18,1,0
BRDA:370,19,0,0
BRDA:370,19,1,0
BRDA:370,20,0,0
BRDA:370,20,1,0
BRDA:374,21,0,0
BRDA:374,21,1,0
BRDA:374,22,0,0
BRDA:374,22,1,0
BRDA:395,23,0,0
BRDA:395,23,1,0
BRDA:395,24,0,0
BRDA:395,24,1,0
BRDA:395,24,2,0
BRDA:395,24,3,0
BRDA:395,24,4,0
BRF:48
BRH:0
end_of_record
TN:
SF:html/js/data/CandidateManager.js
FN:18,(anonymous_0)
FN:40,(anonymous_1)
FN:52,(anonymous_2)
FN:77,(anonymous_3)
FN:86,(anonymous_4)
FN:113,(anonymous_5)
FN:146,(anonymous_6)
FN:149,(anonymous_7)
FN:161,(anonymous_8)
FN:166,(anonymous_9)
FN:182,(anonymous_10)
FN:190,(anonymous_11)
FN:192,(anonymous_12)
FN:198,(anonymous_13)
FN:224,(anonymous_14)
FN:241,(anonymous_15)
FN:244,(anonymous_16)
FN:254,(anonymous_17)
FN:262,(anonymous_18)
FN:287,(anonymous_19)
FN:300,(anonymous_20)
FN:303,(anonymous_21)
FN:304,(anonymous_22)
FN:308,(anonymous_23)
FN:309,(anonymous_24)
FN:317,(anonymous_25)
FN:319,(anonymous_26)
FN:334,(anonymous_27)
FN:345,(anonymous_28)
FNF:29
FNH:0
FNDA:0,(anonymous_0)
FNDA:0,(anonymous_1)
FNDA:0,(anonymous_2)
FNDA:0,(anonymous_3)
FNDA:0,(anonymous_4)
FNDA:0,(anonymous_5)
FNDA:0,(anonymous_6)
FNDA:0,(anonymous_7)
FNDA:0,(anonymous_8)
FNDA:0,(anonymous_9)
FNDA:0,(anonymous_10)
FNDA:0,(anonymous_11)
FNDA:0,(anonymous_12)
FNDA:0,(anonymous_13)
FNDA:0,(anonymous_14)
FNDA:0,(anonymous_15)
FNDA:0,(anonymous_16)
FNDA:0,(anonymous_17)
FNDA:0,(anonymous_18)
FNDA:0,(anonymous_19)
FNDA:0,(anonymous_20)
FNDA:0,(anonymous_21)
FNDA:0,(anonymous_22)
FNDA:0,(anonymous_23)
FNDA:0,(anonymous_24)
FNDA:0,(anonymous_25)
FNDA:0,(anonymous_26)
FNDA:0,(anonymous_27)
FNDA:0,(anonymous_28)
DA:19,0
DA:20,0
DA:23,0
DA:24,0
DA:25,0
DA:28,0
DA:34,0
DA:41,0
DA:43,0
DA:44,0
DA:45,0
DA:48,0
DA:49,0
DA:52,0
DA:53,0
DA:54,0
DA:56,0
DA:57,0
DA:62,0
DA:64,0
DA:66,0
DA:71,0
DA:78,0
DA:88,0
DA:89,0
DA:93,0
DA:94,0
DA:98,0
DA:99,0
DA:103,0
DA:104,0
DA:107,0
DA:114,0
DA:117,0
DA:124,0
DA:125,0
DA:127,0
DA:131,0
DA:133,0
DA:135,0
DA:140,0
DA:147,0
DA:149,0
DA:151,0
DA:152,0
DA:153,0
DA:162,0
DA:164,0
DA:166,0
DA:167,0
DA:168,0
DA:170,0
DA:171,0
DA:173,0
DA:183,0
DA:184,0
DA:191,0
DA:192,0
DA:199,0
DA:201,0
DA:204,0
DA:205,0
DA:209,0
DA:210,0
DA:214,0
DA:215,0
DA:218,0
DA:225,0
DA:227,0
DA:242,0
DA:244,0
DA:245,0
DA:248,0
DA:249,0
DA:254,0
DA:256,0
DA:263,0
DA:265,0
DA:267,0
DA:271,0
DA:272,0
DA:273,0
DA:274,0
DA:277,0
DA:278,0
DA:279,0
DA:281,0
DA:288,0
DA:296,0
DA:299,0
DA:300,0
DA:301,0
DA:302,0
DA:303,0
DA:304,0
DA:306,0
DA:307,0
DA:308,0
DA:309,0
DA:316,0
DA:317,0
DA:319,0
DA:328,0
DA:335,0
DA:336,0
DA:337,0
DA:339,0
DA:346,0
LF:108
LH:0
BRDA:43,0,0,0
BRDA:43,0,1,0
BRDA:53,1,0,0
BRDA:53,1,1,0
BRDA:56,2,0,0
BRDA:56,2,1,0
BRDA:78,3,0,0
BRDA:78,3,1,0
BRDA:78,3,2,0
BRDA:88,4,0,0
BRDA:88,4,1,0
BRDA:93,5,0,0
BRDA:93,5,1,0
BRDA:98,6,0,0
BRDA:98,6,1,0
BRDA:98,7,0,0
BRDA:98,7,1,0
BRDA:103,8,0,0
BRDA:103,8,1,0
BRDA:103,9,0,0
BRDA:103,9,1,0
BRDA:124,10,0,0
BRDA:124,10,1,0
BRDA:137,11,0,0
BRDA:137,11,1,0
BRDA:151,12,0,0
BRDA:151,12,1,0
BRDA:167,13,0,0
BRDA:167,13,1,0
BRDA:170,14,0,0
BRDA:170,14,1,0
BRDA:183,15,0,0
BRDA:183,15,1,0
BRDA:191,16,0,0
BRDA:191,16,1,0
BRDA:198,17,0,0
BRDA:199,18,0,0
BRDA:199,18,1,0
BRDA:204,19,0,0
BRDA:204,19,1,0
BRDA:209,20,0,0
BRDA:209,20,1,0
BRDA:214,21,0,0
BRDA:214,21,1,0
BRDA:232,22,0,0
BRDA:232,22,1,0
BRDA:233,23,0,0
BRDA:233,23,1,0
BRDA:234,24,0,0
BRDA:234,24,1,0
BRDA:248,25,0,0
BRDA:248,25,1,0
BRDA:265,26,0,0
BRDA:265,26,1,0
BRDA:299,27,0,0
BRDA:299,27,1,0
BRDA:303,28,0,0
BRDA:303,28,1,0
BRDA:306,29,0,0
BRDA:306,29,1,0
BRF:60
BRH:0
end_of_record
TN:
SF:html/js/data/DataLoader.js
FN:19,(anonymous_0)
FN:44,(anonymous_1)
FN:62,(anonymous_2)
FN:117,(anonymous_3)
FN:129,(anonymous_4)
FN:143,(anonymous_5)
FN:158,(anonymous_6)
FN:203,(anonymous_7)
FN:246,(anonymous_8)
FN:313,(anonymous_9)
FN:327,(anonymous_10)
FN:332,(anonymous_11)
FN:368,(anonymous_12)
FN:402,(anonymous_13)
FN:442,(anonymous_14)
FN:454,(anonymous_15)
FN:461,(anonymous_16)
FN:467,(anonymous_17)
FN:484,(anonymous_18)
FN:495,(anonymous_19)
FN:507,(anonymous_20)
FN:510,(anonymous_21)
FN:526,(anonymous_22)
FNF:23
FNH:0
FNDA:0,(anonymous_0)
FNDA:0,(anonymous_1)
FNDA:0,(anonymous_2)
FNDA:0,(anonymous_3)
FNDA:0,(anonymous_4)
FNDA:0,(anonymous_5)
FNDA:0,(anonymous_6)
FNDA:0,(anonymous_7)
FNDA:0,(anonymous_8)
FNDA:0,(anonymous_9)
FNDA:0,(anonymous_10)
FNDA:0,(anonymous_11)
FNDA:0,(anonymous_12)
FNDA:0,(anonymous_13)
FNDA:0,(anonymous_14)
FNDA:0,(anonymous_15)
FNDA:0,(anonymous_16)
FNDA:0,(anonymous_17)
FNDA:0,(anonymous_18)
FNDA:0,(anonymous_19)
FNDA:0,(anonymous_20)
FNDA:0,(anonymous_21)
FNDA:0,(anonymous_22)
DA:20,0
DA:21,0
DA:24,0
DA:25,0
DA:28,0
DA:36,0
DA:38,0
DA:45,0
DA:46,0
DA:48,0
DA:49,0
DA:50,0
DA:51,0
DA:55,0
DA:63,0
DA:65,0
DA:66,0
DA:67,0
DA:69,0
DA:71,0
DA:74,0
DA:75,0
DA:78,0
DA:79,0
DA:80,0
DA:84,0
DA:85,0
DA:88,0
DA:90,0
DA:91,0
DA:93,0
DA:94,0
DA:96,0
DA:102,0
DA:105,0
DA:106,0
DA:110,0
DA:118,0
DA:119,0
DA:122,0
DA:123,0
DA:124,0
DA:128,0
DA:130,0
DA:131,0
DA:138,0
DA:139,0
DA:141,0
DA:144,0
DA:145,0
DA:148,0
DA:151,0
DA:152,0
DA:159,0
DA:162,0
DA:163,0
DA:164,0
DA:165,0
DA:175,0
DA:178,0
DA:182,0
DA:183,0
DA:184,0
DA:185,0
DA:191,0
DA:194,0
DA:197,0
DA:204,0
DA:206,0
DA:208,0
DA:209,0
DA:213,0
DA:219,0
DA:220,0
DA:222,0
DA:225,0
DA:227,0
DA:230,0
DA:231,0
DA:233,0
DA:239,0
DA:248,0
DA:249,0
DA:251,0
DA:252,0
DA:256,0
DA:257,0
DA:258,0
DA:259,0
DA:261,0
DA:268,0
DA:271,0
DA:272,0
DA:275,0
DA:277,0
DA:278,0
DA:279,0
DA:282,0
DA:285,0
DA:286,0
DA:289,0
DA:292,0
DA:294,0
DA:295,0
DA:297,0
DA:299,0
DA:307,0
DA:314,0
DA:316,0
DA:317,0
DA:319,0
DA:320,0
DA:323,0
DA:324,0
DA:326,0
DA:328,0
DA:329,0
DA:333,0
DA:336,0
DA:339,0
DA:341,0
DA:342,0
DA:344,0
DA:345,0
DA:347,0
DA:353,0
DA:356,0
DA:357,0
DA:361,0
DA:370,0
DA:371,0
DA:372,0
DA:373,0
DA:376,0
DA:377,0
DA:379,0
DA:380,0
DA:381,0
DA:384,0
DA:387,0
DA:388,0
DA:392,0
DA:394,0
DA:396,0
DA:403,0
DA:405,0
DA:407,0
DA:410,0
DA:411,0
DA:412,0
DA:415,0
DA:416,0
DA:418,0
DA:419,0
DA:420,0
DA:423,0
DA:426,0
DA:428,0
DA:429,0
DA:431,0
DA:434,0
DA:435,0
DA:443,0
DA:444,0
DA:445,0
DA:447,0
DA:455,0
DA:462,0
DA:463,0
DA:464,0
DA:465,0
DA:466,0
DA:467,0
DA:468,0
DA:469,0
DA:470,0
DA:474,0
DA:475,0
DA:476,0
DA:485,0
DA:496,0
DA:508,0
DA:510,0
DA:511,0
DA:512,0
DA:513,0
DA:515,0
DA:519,0
DA:520,0
DA:527,0
DA:528,0
DA:529,0
LF:192
LH:0
BRDA:48,0,0,0
BRDA:48,0,1,0
BRDA:48,1,0,0
BRDA:48,1,1,0
BRDA:50,2,0,0
BRDA:50,2,1,0
BRDA:79,3,0,0
BRDA:79,3,1,0
BRDA:98,4,0,0
BRDA:98,4,1,0
BRDA:130,5,0,0
BRDA:130,5,1,0
BRDA:164,6,0,0
BRDA:164,6,1,0
BRDA:184,7,0,0
BRDA:184,7,1,0
BRDA:208,8,0,0
BRDA:208,8,1,0
BRDA:248,9,0,0
BRDA:248,9,1,0
BRDA:251,10,0,0
BRDA:251,10,1,0
BRDA:251,11,0,0
BRDA:251,11,1,0
BRDA:257,12,0,0
BRDA:257,12,1,0
BRDA:278,13,0,0
BRDA:278,13,1,0
BRDA:285,14,0,0
BRDA:285,14,1,0
BRDA:285,15,0,0
BRDA:285,15,1,0
BRDA:328,16,0,0
BRDA:328,16,1,0
BRDA:371,17,0,0
BRDA:371,17,1,0
BRDA:380,18,0,0
BRDA:380,18,1,0
BRDA:387,19,0,0
BRDA:387,19,1,0
BRDA:387,20,0,0
BRDA:387,20,1,0
BRDA:402,21,0,0
BRDA:407,22,0,0
BRDA:407,22,1,0
BRDA:410,23,0,0
BRDA:410,23,1,0
BRDA:419,24,0,0
BRDA:419,24,1,0
BRDA:461,25,0,0
BRDA:462,26,0,0
BRDA:462,26,1,0
BRDA:466,27,0,0
BRDA:466,27,1,0
BRDA:468,28,0,0
BRDA:468,28,1,0
BRDA:474,29,0,0
BRDA:474,29,1,0
BRDA:498,30,0,0
BRDA:498,30,1,0
BRF:60
BRH:0
end_of_record
TN:
SF:html/js/data/DataProcessor.js
FN:18,(anonymous_0)
FN:49,(anonymous_1)
FN:102,(anonymous_2)
FN:131,(anonymous_3)
FN:146,(anonymous_4)
FN:173,(anonymous_5)
FN:181,(anonymous_6)
FN:186,(anonymous_7)
FN:214,(anonymous_8)
FN:223,(anonymous_9)
FN:226,(anonymous_10)
FN:228,(anonymous_11)
FN:229,(anonymous_12)
FN:236,(anonymous_13)
FN:249,(anonymous_14)
FN:260,(anonymous_15)
FN:265,(anonymous_16)
FN:279,(anonymous_17)
FN:291,(anonymous_18)
FN:312,(anonymous_19)
FN:320,(anonymous_20)
FN:347,(anonymous_21)
FN:364,(anonymous_22)
FN:375,(anonymous_23)
FN:392,(anonymous_24)
FN:405,(anonymous_25)
FN:434,(anonymous_26)
FN:436,(anonymous_27)
FN:442,(anonymous_28)
FNF:29
FNH:0
FNDA:0,(anonymous_0)
FNDA:0,(anonymous_1)
FNDA:0,(anonymous_2)
FNDA:0,(anonymous_3)
FNDA:0,(anonymous_4)
FNDA:0,(anonymous_5)
FNDA:0,(anonymous_6)
FNDA:0,(anonymous_7)
FNDA:0,(anonymous_8)
FNDA:0,(anonymous_9)
FNDA:0,(anonymous_10)
FNDA:0,(anonymous_11)
FNDA:0,(anonymous_12)
FNDA:0,(anonymous_13)
FNDA:0,(anonymous_14)
FNDA:0,(anonymous_15)
FNDA:0,(anonymous_16)
FNDA:0,(anonymous_17)
FNDA:0,(anonymous_18)
FNDA:0,(anonymous_19)
FNDA:0,(anonymous_20)
FNDA:0,(anonymous_21)
FNDA:0,(anonymous_22)
FNDA:0,(anonymous_23)
FNDA:0,(anonymous_24)
FNDA:0,(anonymous_25)
FNDA:0,(anonymous_26)
FNDA:0,(anonymous_27)
FNDA:0,(anonymous_28)
DA:19,0
DA:20,0
DA:23,0
DA:43,0
DA:50,0
DA:52,0
DA:54,0
DA:57,0
DA:60,0
DA:63,0
DA:66,0
DA:68,0
DA:78,0
DA:79,0
DA:80,0
DA:82,0
DA:87,0
DA:90,0
DA:91,0
DA:95,0
DA:103,0
DA:104,0
DA:107,0
DA:108,0
DA:111,0
DA:112,0
DA:116,0
DA:117,0
DA:118,0
DA:121,0
DA:122,0
DA:125,0
DA:132,0
DA:135,0
DA:136,0
DA:140,0
DA:147,0
DA:149,0
DA:163,0
DA:164,0
DA:165,0
DA:167,0
DA:174,0
DA:176,0
DA:177,0
DA:180,0
DA:181,0
DA:182,0
DA:183,0
DA:186,0
DA:187,0
DA:188,0
DA:189,0
DA:190,0
DA:191,0
DA:195,0
DA:205,0
DA:206,0
DA:208,0
DA:215,0
DA:217,0
DA:218,0
DA:221,0
DA:222,0
DA:223,0
DA:226,0
DA:227,0
DA:228,0
DA:229,0
DA:231,0
DA:232,0
DA:236,0
DA:241,0
DA:243,0
DA:250,0
DA:252,0
DA:260,0
DA:261,0
DA:264,0
DA:265,0
DA:266,0
DA:267,0
DA:268,0
DA:273,0
DA:274,0
DA:279,0
DA:280,0
DA:281,0
DA:285,0
DA:292,0
DA:295,0
DA:298,0
DA:300,0
DA:313,0
DA:314,0
DA:317,0
DA:318,0
DA:320,0
DA:321,0
DA:325,0
DA:328,0
DA:333,0
DA:334,0
DA:339,0
DA:341,0
DA:348,0
DA:351,0
DA:352,0
DA:353,0
DA:355,0
DA:358,0
DA:364,0
DA:365,0
DA:369,0
DA:376,0
DA:377,0
DA:379,0
DA:381,0
DA:386,0
DA:394,0
DA:395,0
DA:399,0
DA:407,0
DA:408,0
DA:409,0
DA:412,0
DA:413,0
DA:414,0
DA:417,0
DA:418,0
DA:419,0
DA:422,0
DA:423,0
DA:424,0
DA:428,0
DA:435,0
DA:436,0
DA:443,0
LF:138
LH:0
BRDA:103,0,0,0
BRDA:103,0,1,0
BRDA:107,1,0,0
BRDA:107,1,1,0
BRDA:107,2,0,0
BRDA:107,2,1,0
BRDA:111,3,0,0
BRDA:111,3,1,0
BRDA:117,4,0,0
BRDA:117,4,1,0
BRDA:117,5,0,0
BRDA:117,5,1,0
BRDA:121,6,0,0
BRDA:121,6,1,0
BRDA:135,7,0,0
BRDA:135,7,1,0
BRDA:150,8,0,0
BRDA:150,8,1,0
BRDA:151,9,0,0
BRDA:151,9,1,0
BRDA:153,10,0,0
BRDA:153,10,1,0
BRDA:154,11,0,0
BRDA:154,11,1,0
BRDA:155,12,0,0
BRDA:155,12,1,0
BRDA:157,13,0,0
BRDA:157,13,1,0
BRDA:158,14,0,0
BRDA:158,14,1,0
BRDA:159,15,0,0
BRDA:159,15,1,0
BRDA:176,16,0,0
BRDA:176,16,1,0
BRDA:188,17,0,0
BRDA:188,17,1,0
BRDA:190,18,0,0
BRDA:190,18,1,0
BRDA:222,19,0,0
BRDA:222,19,1,0
BRDA:229,20,0,0
BRDA:229,20,1,0
BRDA:229,20,2,0
BRDA:231,21,0,0
BRDA:231,21,1,0
BRDA:265,22,0,0
BRDA:265,22,1,0
BRDA:273,23,0,0
BRDA:273,23,1,0
BRDA:280,24,0,0
BRDA:280,24,1,0
BRDA:292,25,0,0
BRDA:292,25,1,0
BRDA:313,26,0,0
BRDA:313,26,1,0
BRDA:321,27,0,0
BRDA:321,27,1,0
BRDA:321,28,0,0
BRDA:321,28,1,0
BRDA:321,28,2,0
BRDA:333,29,0,0
BRDA:333,29,1,0
BRDA:333,30,0,0
BRDA:333,30,1,0
BRDA:351,31,0,0
BRDA:351,31,1,0
BRDA:375,32,0,0
BRDA:376,33,0,0
BRDA:376,33,1,0
BRDA:394,34,0,0
BRDA:394,34,1,0
BRDA:394,35,0,0
BRDA:394,35,1,0
BRDA:407,36,0,0
BRDA:407,36,1,0
BRDA:407,37,0,0
BRDA:407,37,1,0
BRDA:412,38,0,0
BRDA:412,38,1,0
BRDA:412,39,0,0
BRDA:412,39,1,0
BRDA:417,40,0,0
BRDA:417,40,1,0
BRDA:422,41,0,0
BRDA:422,41,1,0
BRDA:435,42,0,0
BRDA:435,42,1,0
BRF:87
BRH:0
end_of_record
TN:
SF:html/js/ui/Accordion.js
FN:17,(anonymous_0)
FN:31,(anonymous_1)
FN:54,(anonymous_2)
FN:57,(anonymous_3)
FN:82,(anonymous_4)
FN:83,(anonymous_5)
FN:85,(anonymous_6)
FN:90,(anonymous_7)
FN:104,(anonymous_8)
FN:105,(anonymous_9)
FN:130,(anonymous_10)
FN:170,(anonymous_11)
FN:180,(anonymous_12)
FN:190,(anonymous_13)
FN:191,(anonymous_14)
FN:203,(anonymous_15)
FN:204,(anonymous_16)
FN:216,(anonymous_17)
FN:224,(anonymous_18)
FN:232,(anonymous_19)
FN:234,(anonymous_20)
FN:243,(anonymous_21)
FN:244,(anonymous_22)
FN:255,(anonymous_23)
FN:264,(anonymous_24)
FN:267,(anonymous_25)
FN:284,(anonymous_26)
FN:292,(anonymous_27)
FN:299,(anonymous_28)
FN:306,(anonymous_29)
FN:329,(anonymous_30)
FN:330,(anonymous_31)
FN:358,(anonymous_32)
FN:387,(anonymous_33)
FN:388,(anonymous_34)
FN:399,(anonymous_35)
FN:402,(anonymous_36)
FN:425,(anonymous_37)
FNF:38
FNH:0
FNDA:0,(anonymous_0)
FNDA:0,(anonymous_1)
FNDA:0,(anonymous_2)
FNDA:0,(anonymous_3)
FNDA:0,(anonymous_4)
FNDA:0,(anonymous_5)
FNDA:0,(anonymous_6)
FNDA:0,(anonymous_7)
FNDA:0,(anonymous_8)
FNDA:0,(anonymous_9)
FNDA:0,(anonymous_10)
FNDA:0,(anonymous_11)
FNDA:0,(anonymous_12)
FNDA:0,(anonymous_13)
FNDA:0,(anonymous_14)
FNDA:0,(anonymous_15)
FNDA:0,(anonymous_16)
FNDA:0,(anonymous_17)
FNDA:0,(anonymous_18)
FNDA:0,(anonymous_19)
FNDA:0,(anonymous_20)
FNDA:0,(anonymous_21)
FNDA:0,(anonymous_22)
FNDA:0,(anonymous_23)
FNDA:0,(anonymous_24)
FNDA:0,(anonymous_25)
FNDA:0,(anonymous_26)
FNDA:0,(anonymous_27)
FNDA:0,(anonymous_28)
FNDA:0,(anonymous_29)
FNDA:0,(anonymous_30)
FNDA:0,(anonymous_31)
FNDA:0,(anonymous_32)
FNDA:0,(anonymous_33)
FNDA:0,(anonymous_34)
FNDA:0,(anonymous_35)
FNDA:0,(anonymous_36)
FNDA:0,(anonymous_37)
DA:18,0
DA:19,0
DA:22,0
DA:23,0
DA:25,0
DA:32,0
DA:33,0
DA:34,0
DA:37,0
DA:38,0
DA:39,0
DA:40,0
DA:41,0
DA:43,0
DA:44,0
DA:47,0
DA:55,0
DA:57,0
DA:58,0
DA:59,0
DA:60,0
DA:62,0
DA:63,0
DA:70,0
DA:72,0
DA:76,0
DA:83,0
DA:85,0
DA:86,0
DA:90,0
DA:91,0
DA:92,0
DA:93,0
DA:98,0
DA:105,0
DA:107,0
DA:108,0
DA:109,0
DA:112,0
DA:115,0
DA:116,0
DA:118,0
DA:119,0
DA:120,0
DA:121,0
DA:124,0
DA:131,0
DA:132,0
DA:133,0
DA:134,0
DA:137,0
DA:138,0
DA:141,0
DA:142,0
DA:144,0
DA:148,0
DA:149,0
DA:152,0
DA:155,0
DA:158,0
DA:164,0
DA:171,0
DA:172,0
DA:174,0
DA:181,0
DA:182,0
DA:184,0
DA:191,0
DA:192,0
DA:193,0
DA:197,0
DA:204,0
DA:205,0
DA:206,0
DA:210,0
DA:217,0
DA:218,0
DA:225,0
DA:226,0
DA:233,0
DA:234,0
DA:235,0
DA:237,0
DA:244,0
DA:245,0
DA:246,0
DA:247,0
DA:256,0
DA:257,0
DA:258,0
DA:265,0
DA:267,0
DA:268,0
DA:269,0
DA:270,0
DA:272,0
DA:273,0
DA:278,0
DA:285,0
DA:286,0
DA:293,0
DA:300,0
DA:307,0
DA:308,0
DA:309,0
DA:312,0
DA:313,0
DA:315,0
DA:316,0
DA:317,0
DA:321,0
DA:329,0
DA:330,0
DA:331,0
DA:332,0
DA:333,0
DA:338,0
DA:339,0
DA:340,0
DA:342,0
DA:343,0
DA:345,0
DA:346,0
DA:347,0
DA:348,0
DA:349,0
DA:351,0
DA:352,0
DA:359,0
DA:360,0
DA:361,0
DA:362,0
DA:367,0
DA:368,0
DA:369,0
DA:370,0
DA:371,0
DA:373,0
DA:374,0
DA:375,0
DA:378,0
DA:380,0
DA:381,0
DA:388,0
DA:389,0
DA:390,0
DA:393,0
DA:400,0
DA:402,0
DA:403,0
DA:404,0
DA:407,0
DA:408,0
DA:411,0
DA:412,0
DA:416,0
DA:427,0
DA:429,0
DA:431,0
LF:159
LH:0
BRDA:32,0,0,0
BRDA:32,0,1,0
BRDA:62,1,0,0
BRDA:62,1,1,0
BRDA:62,2,0,0
BRDA:62,2,1,0
BRDA:62,2,2,0
BRDA:91,3,0,0
BRDA:91,3,1,0
BRDA:91,4,0,0
BRDA:91,4,1,0
BRDA:132,5,0,0
BRDA:132,5,1,0
BRDA:141,6,0,0
BRDA:141,6,1,0
BRDA:164,7,0,0
BRDA:164,7,1,0
BRDA:172,8,0,0
BRDA:172,8,1,0
BRDA:172,9,0,0
BRDA:172,9,1,0
BRDA:182,10,0,0
BRDA:182,10,1,0
BRDA:182,11,0,0
BRDA:182,11,1,0
BRDA:192,12,0,0
BRDA:192,12,1,0
BRDA:205,13,0,0
BRDA:205,13,1,0
BRDA:218,14,0,0
BRDA:218,14,1,0
BRDA:226,15,0,0
BRDA:226,15,1,0
BRDA:246,16,0,0
BRDA:246,16,1,0
BRDA:246,17,0,0
BRDA:246,17,1,0
BRDA:256,18,0,0
BRDA:256,18,1,0
BRDA:265,19,0,0
BRDA:265,19,1,0
BRDA:268,20,0,0
BRDA:268,20,1,0
BRDA:272,21,0,0
BRDA:272,21,1,0
BRDA:307,22,0,0
BRDA:307,22,1,0
BRDA:315,23,0,0
BRDA:315,23,1,0
BRDA:315,24,0,0
BRDA:315,24,1,0
BRDA:331,25,0,0
BRDA:331,25,1,0
BRDA:331,26,0,0
BRDA:331,26,1,0
BRDA:360,27,0,0
BRDA:360,27,1,0
BRDA:389,28,0,0
BRDA:389,28,1,0
BRDA:390,29,0,0
BRDA:390,29,1,0
BRDA:393,30,0,0
BRDA:393,30,1,0
BRDA:403,31,0,0
BRDA:403,31,1,0
BRDA:407,32,0,0
BRDA:407,32,1,0
BRDA:411,33,0,0
BRDA:411,33,1,0
BRF:69
BRH:0
end_of_record
TN:
SF:html/js/ui/ControlPanel.js
FN:23,(anonymous_0)
FN:49,(anonymous_1)
FN:78,(anonymous_2)
FN:112,(anonymous_3)
FN:127,(anonymous_4)
FN:129,(anonymous_5)
FN:134,(anonymous_6)
FN:139,(anonymous_7)
FN:144,(anonymous_8)
FN:153,(anonymous_9)
FN:159,(anonymous_10)
FN:163,(anonymous_11)
FN:169,(anonymous_12)
FN:179,(anonymous_13)
FN:184,(anonymous_14)
FN:188,(anonymous_15)
FN:197,(anonymous_16)
FN:211,(anonymous_17)
FN:222,(anonymous_18)
FN:236,(anonymous_19)
FN:247,(anonymous_20)
FN:271,(anonymous_21)
FN:282,(anonymous_22)
FN:301,(anonymous_23)
FN:306,(anonymous_24)
FN:319,(anonymous_25)
FN:328,(anonymous_26)
FN:347,(anonymous_27)
FN:374,(anonymous_28)
FN:406,(anonymous_29)
FN:407,(anonymous_30)
FN:440,(anonymous_31)
FN:448,(anonymous_32)
FN:463,(anonymous_33)
FN:473,(anonymous_34)
FN:482,(anonymous_35)
FN:494,(anonymous_36)
FN:515,(anonymous_37)
FNF:38
FNH:0
FNDA:0,(anonymous_0)
FNDA:0,(anonymous_1)
FNDA:0,(anonymous_2)
FNDA:0,(anonymous_3)
FNDA:0,(anonymous_4)
FNDA:0,(anonymous_5)
FNDA:0,(anonymous_6)
FNDA:0,(anonymous_7)
FNDA:0,(anonymous_8)
FNDA:0,(anonymous_9)
FNDA:0,(anonymous_10)
FNDA:0,(anonymous_11)
FNDA:0,(anonymous_12)
FNDA:0,(anonymous_13)
FNDA:0,(anonymous_14)
FNDA:0,(anonymous_15)
FNDA:0,(anonymous_16)
FNDA:0,(anonymous_17)
FNDA:0,(anonymous_18)
FNDA:0,(anonymous_19)
FNDA:0,(anonymous_20)
FNDA:0,(anonymous_21)
FNDA:0,(anonymous_22)
FNDA:0,(anonymous_23)
FNDA:0,(anonymous_24)
FNDA:0,(anonymous_25)
FNDA:0,(anonymous_26)
FNDA:0,(anonymous_27)
FNDA:0,(anonymous_28)
FNDA:0,(anonymous_29)
FNDA:0,(anonymous_30)
FNDA:0,(anonymous_31)
FNDA:0,(anonymous_32)
FNDA:0,(anonymous_33)
FNDA:0,(anonymous_34)
FNDA:0,(anonymous_35)
FNDA:0,(anonymous_36)
FNDA:0,(anonymous_37)
DA:24,0
DA:25,0
DA:28,0
DA:29,0
DA:32,0
DA:33,0
DA:34,0
DA:35,0
DA:36,0
DA:37,0
DA:38,0
DA:41,0
DA:43,0
DA:50,0
DA:51,0
DA:52,0
DA:55,0
DA:56,0
DA:57,0
DA:58,0
DA:59,0
DA:61,0
DA:62,0
DA:64,0
DA:67,0
DA:68,0
DA:79,0
DA:80,0
DA:81,0
DA:85,0
DA:86,0
DA:87,0
DA:88,0
DA:89,0
DA:90,0
DA:93,0
DA:100,0
DA:101,0
DA:102,0
DA:106,0
DA:114,0
DA:115,0
DA:118,0
DA:119,0
DA:121,0
DA:129,0
DA:130,0
DA:134,0
DA:135,0
DA:139,0
DA:140,0
DA:144,0
DA:145,0
DA:149,0
DA:152,0
DA:153,0
DA:154,0
DA:159,0
DA:160,0
DA:163,0
DA:164,0
DA:165,0
DA:169,0
DA:170,0
DA:173,0
DA:180,0
DA:181,0
DA:183,0
DA:184,0
DA:185,0
DA:188,0
DA:189,0
DA:198,0
DA:200,0
DA:205,0
DA:212,0
DA:214,0
DA:216,0
DA:223,0
DA:224,0
DA:225,0
DA:228,0
DA:230,0
DA:237,0
DA:239,0
DA:241,0
DA:248,0
DA:249,0
DA:250,0
DA:252,0
DA:254,0
DA:255,0
DA:257,0
DA:258,0
DA:260,0
DA:262,0
DA:264,0
DA:272,0
DA:274,0
DA:276,0
DA:283,0
DA:284,0
DA:286,0
DA:288,0
DA:290,0
DA:291,0
DA:293,0
DA:294,0
DA:302,0
DA:304,0
DA:306,0
DA:307,0
DA:308,0
DA:309,0
DA:310,0
DA:313,0
DA:320,0
DA:321,0
DA:329,0
DA:332,0
DA:333,0
DA:336,0
DA:337,0
DA:339,0
DA:340,0
DA:348,0
DA:349,0
DA:350,0
DA:352,0
DA:354,0
DA:355,0
DA:358,0
DA:359,0
DA:360,0
DA:361,0
DA:364,0
DA:365,0
DA:366,0
DA:367,0
DA:376,0
DA:377,0
DA:378,0
DA:382,0
DA:383,0
DA:384,0
DA:388,0
DA:389,0
DA:390,0
DA:391,0
DA:395,0
DA:396,0
DA:397,0
DA:400,0
DA:407,0
DA:408,0
DA:410,0
DA:411,0
DA:413,0
DA:416,0
DA:417,0
DA:419,0
DA:422,0
DA:423,0
DA:424,0
DA:426,0
DA:429,0
DA:430,0
DA:432,0
DA:441,0
DA:448,0
DA:449,0
DA:450,0
DA:455,0
DA:456,0
DA:464,0
DA:467,0
DA:474,0
DA:476,0
DA:483,0
DA:495,0
DA:496,0
DA:498,0
DA:499,0
DA:502,0
DA:503,0
DA:506,0
DA:517,0
DA:518,0
DA:521,0
DA:522,0
DA:526,0
DA:527,0
DA:531,0
DA:532,0
DA:533,0
DA:534,0
DA:535,0
DA:537,0
DA:539,0
LF:199
LH:0
BRDA:50,0,0,0
BRDA:50,0,1,0
BRDA:80,1,0,0
BRDA:80,1,1,0
BRDA:101,2,0,0
BRDA:101,2,1,0
BRDA:152,3,0,0
BRDA:152,3,1,0
BRDA:164,4,0,0
BRDA:164,4,1,0
BRDA:183,5,0,0
BRDA:183,5,1,0
BRDA:183,6,0,0
BRDA:183,6,1,0
BRDA:224,7,0,0
BRDA:224,7,1,0
BRDA:252,8,0,0
BRDA:252,8,1,0
BRDA:252,9,0,0
BRDA:252,9,1,0
BRDA:252,9,2,0
BRDA:257,10,0,0
BRDA:257,10,1,0
BRDA:257,11,0,0
BRDA:257,11,1,0
BRDA:257,11,2,0
BRDA:286,12,0,0
BRDA:286,12,1,0
BRDA:290,13,0,0
BRDA:290,13,1,0
BRDA:302,14,0,0
BRDA:302,14,1,0
BRDA:320,15,0,0
BRDA:320,15,1,0
BRDA:329,16,0,0
BRDA:329,16,1,0
BRDA:336,17,0,0
BRDA:336,17,1,0
BRDA:336,18,0,0
BRDA:336,18,1,0
BRDA:336,18,2,0
BRDA:352,19,0,0
BRDA:352,19,1,0
BRDA:352,20,0,0
BRDA:352,20,1,0
BRDA:352,20,2,0
BRDA:358,21,0,0
BRDA:358,21,1,0
BRDA:358,22,0,0
BRDA:358,22,1,0
BRDA:360,23,0,0
BRDA:360,23,1,0
BRDA:360,24,0,0
BRDA:360,24,1,0
BRDA:364,25,0,0
BRDA:364,25,1,0
BRDA:377,26,0,0
BRDA:377,26,1,0
BRDA:377,27,0,0
BRDA:377,27,1,0
BRDA:383,28,0,0
BRDA:383,28,1,0
BRDA:388,29,0,0
BRDA:388,29,1,0
BRDA:389,30,0,0
BRDA:389,30,1,0
BRDA:395,31,0,0
BRDA:395,31,1,0
BRDA:396,32,0,0
BRDA:396,32,1,0
BRDA:408,33,0,0
BRDA:408,33,1,0
BRDA:408,33,2,0
BRDA:408,33,3,0
BRDA:410,34,0,0
BRDA:410,34,1,0
BRDA:416,35,0,0
BRDA:416,35,1,0
BRDA:422,36,0,0
BRDA:422,36,1,0
BRDA:429,37,0,0
BRDA:429,37,1,0
BRDA:449,38,0,0
BRDA:449,38,1,0
BRDA:455,39,0,0
BRDA:455,39,1,0
BRDA:463,40,0,0
BRDA:486,41,0,0
BRDA:486,41,1,0
BRDA:498,42,0,0
BRDA:498,42,1,0
BRDA:502,43,0,0
BRDA:502,43,1,0
BRDA:502,44,0,0
BRDA:502,44,1,0
BRDA:502,44,2,0
BRDA:517,45,0,0
BRDA:517,45,1,0
BRDA:521,46,0,0
BRDA:521,46,1,0
BRDA:526,47,0,0
BRDA:526,47,1,0
BRF:102
BRH:0
end_of_record
TN:
SF:html/js/ui/LayerSelector.js
FN:17,(anonymous_0)
FN:44,(anonymous_1)
FN:66,(anonymous_2)
FN:76,(anonymous_3)
FN:78,(anonymous_4)
FN:83,(anonymous_5)
FN:88,(anonymous_6)
FN:100,(anonymous_7)
FN:120,(anonymous_8)
FN:130,(anonymous_9)
FN:143,(anonymous_10)
FN:162,(anonymous_11)
FN:167,(anonymous_12)
FN:174,(anonymous_13)
FN:187,(anonymous_14)
FN:196,(anonymous_15)
FN:200,(anonymous_16)
FN:202,(anonymous_17)
FN:207,(anonymous_18)
FN:218,(anonymous_19)
FN:230,(anonymous_20)
FN:259,(anonymous_21)
FN:261,(anonymous_22)
FN:267,(anonymous_23)
FN:278,(anonymous_24)
FN:292,(anonymous_25)
FN:303,(anonymous_26)
FN:323,(anonymous_27)
FN:336,(anonymous_28)
FN:348,(anonymous_29)
FN:361,(anonymous_30)
FN:370,(anonymous_31)
FN:373,(anonymous_32)
FN:391,(anonymous_33)
FN:398,(anonymous_34)
FN:412,(anonymous_35)
FN:420,(anonymous_36)
FN:437,(anonymous_37)
FNF:38
FNH:0
FNDA:0,(anonymous_0)
FNDA:0,(anonymous_1)
FNDA:0,(anonymous_2)
FNDA:0,(anonymous_3)
FNDA:0,(anonymous_4)
FNDA:0,(anonymous_5)
FNDA:0,(anonymous_6)
FNDA:0,(anonymous_7)
FNDA:0,(anonymous_8)
FNDA:0,(anonymous_9)
FNDA:0,(anonymous_10)
FNDA:0,(anonymous_11)
FNDA:0,(anonymous_12)
FNDA:0,(anonymous_13)
FNDA:0,(anonymous_14)
FNDA:0,(anonymous_15)
FNDA:0,(anonymous_16)
FNDA:0,(anonymous_17)
FNDA:0,(anonymous_18)
FNDA:0,(anonymous_19)
FNDA:0,(anonymous_20)
FNDA:0,(anonymous_21)
FNDA:0,(anonymous_22)
FNDA:0,(anonymous_23)
FNDA:0,(anonymous_24)
FNDA:0,(anonymous_25)
FNDA:0,(anonymous_26)
FNDA:0,(anonymous_27)
FNDA:0,(anonymous_28)
FNDA:0,(anonymous_29)
FNDA:0,(anonymous_30)
FNDA:0,(anonymous_31)
FNDA:0,(anonymous_32)
FNDA:0,(anonymous_33)
FNDA:0,(anonymous_34)
FNDA:0,(anonymous_35)
FNDA:0,(anonymous_36)
FNDA:0,(anonymous_37)
DA:18,0
DA:19,0
DA:22,0
DA:23,0
DA:24,0
DA:27,0
DA:28,0
DA:31,0
DA:38,0
DA:45,0
DA:46,0
DA:47,0
DA:50,0
DA:51,0
DA:52,0
DA:53,0
DA:55,0
DA:56,0
DA:59,0
DA:67,0
DA:68,0
DA:69,0
DA:78,0
DA:79,0
DA:83,0
DA:84,0
DA:88,0
DA:89,0
DA:90,0
DA:94,0
DA:101,0
DA:103,0
DA:106,0
DA:107,0
DA:108,0
DA:111,0
DA:112,0
DA:114,0
DA:121,0
DA:124,0
DA:125,0
DA:126,0
DA:130,0
DA:131,0
DA:134,0
DA:135,0
DA:136,0
DA:137,0
DA:140,0
DA:143,0
DA:144,0
DA:145,0
DA:146,0
DA:151,0
DA:152,0
DA:153,0
DA:156,0
DA:163,0
DA:164,0
DA:165,0
DA:166,0
DA:167,0
DA:168,0
DA:175,0
DA:176,0
DA:177,0
DA:180,0
DA:181,0
DA:182,0
DA:183,0
DA:187,0
DA:188,0
DA:191,0
DA:192,0
DA:195,0
DA:196,0
DA:200,0
DA:202,0
DA:203,0
DA:204,0
DA:205,0
DA:206,0
DA:207,0
DA:208,0
DA:211,0
DA:212,0
DA:219,0
DA:220,0
DA:224,0
DA:232,0
DA:233,0
DA:234,0
DA:237,0
DA:238,0
DA:239,0
DA:242,0
DA:243,0
DA:244,0
DA:247,0
DA:248,0
DA:249,0
DA:253,0
DA:260,0
DA:261,0
DA:268,0
DA:269,0
DA:271,0
DA:279,0
DA:281,0
DA:282,0
DA:283,0
DA:286,0
DA:293,0
DA:295,0
DA:296,0
DA:297,0
DA:304,0
DA:307,0
DA:313,0
DA:314,0
DA:317,0
DA:324,0
DA:325,0
DA:328,0
DA:329,0
DA:330,0
DA:331,0
DA:332,0
DA:336,0
DA:337,0
DA:338,0
DA:340,0
DA:349,0
DA:350,0
DA:352,0
DA:355,0
DA:362,0
DA:363,0
DA:364,0
DA:371,0
DA:373,0
DA:374,0
DA:375,0
DA:376,0
DA:377,0
DA:379,0
DA:383,0
DA:392,0
DA:399,0
DA:400,0
DA:401,0
DA:404,0
DA:405,0
DA:413,0
DA:414,0
DA:421,0
DA:422,0
DA:424,0
DA:425,0
DA:428,0
DA:439,0
DA:442,0
DA:443,0
DA:444,0
DA:446,0
DA:448,0
LF:166
LH:0
BRDA:45,0,0,0
BRDA:45,0,1,0
BRDA:68,1,0,0
BRDA:68,1,1,0
BRDA:89,2,0,0
BRDA:89,2,1,0
BRDA:100,3,0,0
BRDA:101,4,0,0
BRDA:101,4,1,0
BRDA:106,5,0,0
BRDA:106,5,1,0
BRDA:106,6,0,0
BRDA:106,6,1,0
BRDA:145,7,0,0
BRDA:145,7,1,0
BRDA:145,8,0,0
BRDA:145,8,1,0
BRDA:151,9,0,0
BRDA:151,9,1,0
BRDA:152,10,0,0
BRDA:152,10,1,0
BRDA:219,11,0,0
BRDA:219,11,1,0
BRDA:219,12,0,0
BRDA:219,12,1,0
BRDA:219,12,2,0
BRDA:232,13,0,0
BRDA:232,13,1,0
BRDA:232,14,0,0
BRDA:232,14,1,0
BRDA:237,15,0,0
BRDA:237,15,1,0
BRDA:237,16,0,0
BRDA:237,16,1,0
BRDA:242,17,0,0
BRDA:242,17,1,0
BRDA:247,18,0,0
BRDA:247,18,1,0
BRDA:260,19,0,0
BRDA:260,19,1,0
BRDA:268,20,0,0
BRDA:268,20,1,0
BRDA:279,21,0,0
BRDA:279,21,1,0
BRDA:293,22,0,0
BRDA:293,22,1,0
BRDA:323,23,0,0
BRDA:324,24,0,0
BRDA:324,24,1,0
BRDA:325,25,0,0
BRDA:325,25,1,0
BRDA:329,26,0,0
BRDA:329,26,1,0
BRDA:337,27,0,0
BRDA:337,27,1,0
BRDA:350,28,0,0
BRDA:350,28,1,0
BRDA:362,29,0,0
BRDA:362,29,1,0
BRDA:371,30,0,0
BRDA:371,30,1,0
BRDA:375,31,0,0
BRDA:375,31,1,0
BRDA:376,32,0,0
BRDA:376,32,1,0
BRDA:399,33,0,0
BRDA:399,33,1,0
BRDA:400,34,0,0
BRDA:400,34,1,0
BRDA:401,35,0,0
BRDA:401,35,1,0
BRDA:404,36,0,0
BRDA:404,36,1,0
BRDA:405,37,0,0
BRDA:405,37,1,0
BRDA:424,38,0,0
BRDA:424,38,1,0
BRF:77
BRH:0
end_of_record
